[0.521s] Invoking command in '/home/yasuyukitakahashi/work/ros2_trial/launch/src/my_ros2_pkg_w_node': PYTHONPATH=/home/yasuyukitakahashi/work/ros2_trial/launch/build/my_ros2_pkg_w_node/prefix_override:/home/yasuyukitakahashi/work/ros2_trial/launch/install/my_ros2_pkg_w_node/lib/python3.10/site-packages:${PYTHONPATH} /usr/bin/python3 setup.py egg_info --egg-base ../../build/my_ros2_pkg_w_node build --build-base /home/yasuyukitakahashi/work/ros2_trial/launch/build/my_ros2_pkg_w_node/build install --record /home/yasuyukitakahashi/work/ros2_trial/launch/build/my_ros2_pkg_w_node/install.log --single-version-externally-managed
[0.674s] running egg_info
[0.675s] creating ../../build/my_ros2_pkg_w_node/my_ros2_pkg_w_node.egg-info
[0.675s] writing ../../build/my_ros2_pkg_w_node/my_ros2_pkg_w_node.egg-info/PKG-INFO
[0.675s] writing dependency_links to ../../build/my_ros2_pkg_w_node/my_ros2_pkg_w_node.egg-info/dependency_links.txt
[0.675s] writing entry points to ../../build/my_ros2_pkg_w_node/my_ros2_pkg_w_node.egg-info/entry_points.txt
[0.675s] writing requirements to ../../build/my_ros2_pkg_w_node/my_ros2_pkg_w_node.egg-info/requires.txt
[0.675s] writing top-level names to ../../build/my_ros2_pkg_w_node/my_ros2_pkg_w_node.egg-info/top_level.txt
[0.675s] writing manifest file '../../build/my_ros2_pkg_w_node/my_ros2_pkg_w_node.egg-info/SOURCES.txt'
[0.676s] reading manifest file '../../build/my_ros2_pkg_w_node/my_ros2_pkg_w_node.egg-info/SOURCES.txt'
[0.676s] writing manifest file '../../build/my_ros2_pkg_w_node/my_ros2_pkg_w_node.egg-info/SOURCES.txt'
[0.677s] running build
[0.677s] running build_py
[0.677s] creating /home/yasuyukitakahashi/work/ros2_trial/launch/build/my_ros2_pkg_w_node/build
[0.677s] creating /home/yasuyukitakahashi/work/ros2_trial/launch/build/my_ros2_pkg_w_node/build/lib
[0.677s] creating /home/yasuyukitakahashi/work/ros2_trial/launch/build/my_ros2_pkg_w_node/build/lib/my_ros2_pkg_w_node
[0.677s] copying my_ros2_pkg_w_node/my_node_sub.py -> /home/yasuyukitakahashi/work/ros2_trial/launch/build/my_ros2_pkg_w_node/build/lib/my_ros2_pkg_w_node
[0.677s] copying my_ros2_pkg_w_node/my_node_pub.py -> /home/yasuyukitakahashi/work/ros2_trial/launch/build/my_ros2_pkg_w_node/build/lib/my_ros2_pkg_w_node
[0.677s] copying my_ros2_pkg_w_node/__init__.py -> /home/yasuyukitakahashi/work/ros2_trial/launch/build/my_ros2_pkg_w_node/build/lib/my_ros2_pkg_w_node
[0.677s] running install
[0.678s] /usr/lib/python3/dist-packages/setuptools/command/install.py:34: SetuptoolsDeprecationWarning: setup.py install is deprecated. Use build and pip and other standards-based tools.
[0.678s]   warnings.warn(
[0.678s] running install_lib
[0.679s] creating /home/yasuyukitakahashi/work/ros2_trial/launch/install/my_ros2_pkg_w_node/lib/python3.10/site-packages/my_ros2_pkg_w_node
[0.679s] copying /home/yasuyukitakahashi/work/ros2_trial/launch/build/my_ros2_pkg_w_node/build/lib/my_ros2_pkg_w_node/my_node_sub.py -> /home/yasuyukitakahashi/work/ros2_trial/launch/install/my_ros2_pkg_w_node/lib/python3.10/site-packages/my_ros2_pkg_w_node
[0.679s] copying /home/yasuyukitakahashi/work/ros2_trial/launch/build/my_ros2_pkg_w_node/build/lib/my_ros2_pkg_w_node/my_node_pub.py -> /home/yasuyukitakahashi/work/ros2_trial/launch/install/my_ros2_pkg_w_node/lib/python3.10/site-packages/my_ros2_pkg_w_node
[0.679s] copying /home/yasuyukitakahashi/work/ros2_trial/launch/build/my_ros2_pkg_w_node/build/lib/my_ros2_pkg_w_node/__init__.py -> /home/yasuyukitakahashi/work/ros2_trial/launch/install/my_ros2_pkg_w_node/lib/python3.10/site-packages/my_ros2_pkg_w_node
[0.679s] byte-compiling /home/yasuyukitakahashi/work/ros2_trial/launch/install/my_ros2_pkg_w_node/lib/python3.10/site-packages/my_ros2_pkg_w_node/my_node_sub.py to my_node_sub.cpython-310.pyc
[0.679s] byte-compiling /home/yasuyukitakahashi/work/ros2_trial/launch/install/my_ros2_pkg_w_node/lib/python3.10/site-packages/my_ros2_pkg_w_node/my_node_pub.py to my_node_pub.cpython-310.pyc
[0.679s] byte-compiling /home/yasuyukitakahashi/work/ros2_trial/launch/install/my_ros2_pkg_w_node/lib/python3.10/site-packages/my_ros2_pkg_w_node/__init__.py to __init__.cpython-310.pyc
[0.680s] running install_data
[0.680s] creating /home/yasuyukitakahashi/work/ros2_trial/launch/install/my_ros2_pkg_w_node/share/ament_index
[0.680s] creating /home/yasuyukitakahashi/work/ros2_trial/launch/install/my_ros2_pkg_w_node/share/ament_index/resource_index
[0.680s] creating /home/yasuyukitakahashi/work/ros2_trial/launch/install/my_ros2_pkg_w_node/share/ament_index/resource_index/packages
[0.680s] copying resource/my_ros2_pkg_w_node -> /home/yasuyukitakahashi/work/ros2_trial/launch/install/my_ros2_pkg_w_node/share/ament_index/resource_index/packages
[0.680s] running install_egg_info
[0.681s] Copying ../../build/my_ros2_pkg_w_node/my_ros2_pkg_w_node.egg-info to /home/yasuyukitakahashi/work/ros2_trial/launch/install/my_ros2_pkg_w_node/lib/python3.10/site-packages/my_ros2_pkg_w_node-0.0.0-py3.10.egg-info
[0.682s] running install_scripts
[0.694s] Installing my_node_pub script to /home/yasuyukitakahashi/work/ros2_trial/launch/install/my_ros2_pkg_w_node/lib/my_ros2_pkg_w_node
[0.694s] Installing my_node_sub script to /home/yasuyukitakahashi/work/ros2_trial/launch/install/my_ros2_pkg_w_node/lib/my_ros2_pkg_w_node
[0.694s] writing list of installed files to '/home/yasuyukitakahashi/work/ros2_trial/launch/build/my_ros2_pkg_w_node/install.log'
[0.708s] Invoked command in '/home/yasuyukitakahashi/work/ros2_trial/launch/src/my_ros2_pkg_w_node' returned '0': PYTHONPATH=/home/yasuyukitakahashi/work/ros2_trial/launch/build/my_ros2_pkg_w_node/prefix_override:/home/yasuyukitakahashi/work/ros2_trial/launch/install/my_ros2_pkg_w_node/lib/python3.10/site-packages:${PYTHONPATH} /usr/bin/python3 setup.py egg_info --egg-base ../../build/my_ros2_pkg_w_node build --build-base /home/yasuyukitakahashi/work/ros2_trial/launch/build/my_ros2_pkg_w_node/build install --record /home/yasuyukitakahashi/work/ros2_trial/launch/build/my_ros2_pkg_w_node/install.log --single-version-externally-managed
