[1.246s] Invoking command in '/home/tk/work/workcopy/ros2_trial/py_create_pkg_w_node/src/my_ros2_pkg_w_node': PYTHONPATH=/home/tk/work/workcopy/ros2_trial/py_create_pkg_w_node/build/my_ros2_pkg_w_node/prefix_override:/home/tk/work/workcopy/ros2_trial/py_create_pkg_w_node/install/my_ros2_pkg_w_node/lib/python3.10/site-packages:${PYTHONPATH} /usr/bin/python3 setup.py egg_info --egg-base ../../build/my_ros2_pkg_w_node build --build-base /home/tk/work/workcopy/ros2_trial/py_create_pkg_w_node/build/my_ros2_pkg_w_node/build install --record /home/tk/work/workcopy/ros2_trial/py_create_pkg_w_node/build/my_ros2_pkg_w_node/install.log --single-version-externally-managed
[1.707s] running egg_info
[1.709s] writing ../../build/my_ros2_pkg_w_node/my_ros2_pkg_w_node.egg-info/PKG-INFO
[1.709s] writing dependency_links to ../../build/my_ros2_pkg_w_node/my_ros2_pkg_w_node.egg-info/dependency_links.txt
[1.709s] writing entry points to ../../build/my_ros2_pkg_w_node/my_ros2_pkg_w_node.egg-info/entry_points.txt
[1.709s] writing requirements to ../../build/my_ros2_pkg_w_node/my_ros2_pkg_w_node.egg-info/requires.txt
[1.710s] writing top-level names to ../../build/my_ros2_pkg_w_node/my_ros2_pkg_w_node.egg-info/top_level.txt
[1.712s] reading manifest file '../../build/my_ros2_pkg_w_node/my_ros2_pkg_w_node.egg-info/SOURCES.txt'
[1.714s] writing manifest file '../../build/my_ros2_pkg_w_node/my_ros2_pkg_w_node.egg-info/SOURCES.txt'
[1.715s] running build
[1.715s] running build_py
[1.715s] copying my_ros2_pkg_w_node/my_node_sub.py -> /home/tk/work/workcopy/ros2_trial/py_create_pkg_w_node/build/my_ros2_pkg_w_node/build/lib/my_ros2_pkg_w_node
[1.715s] running install
[1.716s] running install_lib
[1.717s] copying /home/tk/work/workcopy/ros2_trial/py_create_pkg_w_node/build/my_ros2_pkg_w_node/build/lib/my_ros2_pkg_w_node/my_node_sub.py -> /home/tk/work/workcopy/ros2_trial/py_create_pkg_w_node/install/my_ros2_pkg_w_node/lib/python3.10/site-packages/my_ros2_pkg_w_node
[1.718s] byte-compiling /home/tk/work/workcopy/ros2_trial/py_create_pkg_w_node/install/my_ros2_pkg_w_node/lib/python3.10/site-packages/my_ros2_pkg_w_node/my_node_sub.py to my_node_sub.cpython-310.pyc
[1.719s] running install_data
[1.720s] running install_egg_info
[1.722s] removing '/home/tk/work/workcopy/ros2_trial/py_create_pkg_w_node/install/my_ros2_pkg_w_node/lib/python3.10/site-packages/my_ros2_pkg_w_node-0.0.0-py3.10.egg-info' (and everything under it)
[1.723s] Copying ../../build/my_ros2_pkg_w_node/my_ros2_pkg_w_node.egg-info to /home/tk/work/workcopy/ros2_trial/py_create_pkg_w_node/install/my_ros2_pkg_w_node/lib/python3.10/site-packages/my_ros2_pkg_w_node-0.0.0-py3.10.egg-info
[1.725s] running install_scripts
[1.758s] Installing my_node_pub = my_ros2_pkg_w_node.my_node_pub:mainmy_node_sub script to /home/tk/work/workcopy/ros2_trial/py_create_pkg_w_node/install/my_ros2_pkg_w_node/lib/my_ros2_pkg_w_node
[1.759s] writing list of installed files to '/home/tk/work/workcopy/ros2_trial/py_create_pkg_w_node/build/my_ros2_pkg_w_node/install.log'
[1.809s] Invoked command in '/home/tk/work/workcopy/ros2_trial/py_create_pkg_w_node/src/my_ros2_pkg_w_node' returned '0': PYTHONPATH=/home/tk/work/workcopy/ros2_trial/py_create_pkg_w_node/build/my_ros2_pkg_w_node/prefix_override:/home/tk/work/workcopy/ros2_trial/py_create_pkg_w_node/install/my_ros2_pkg_w_node/lib/python3.10/site-packages:${PYTHONPATH} /usr/bin/python3 setup.py egg_info --egg-base ../../build/my_ros2_pkg_w_node build --build-base /home/tk/work/workcopy/ros2_trial/py_create_pkg_w_node/build/my_ros2_pkg_w_node/build install --record /home/tk/work/workcopy/ros2_trial/py_create_pkg_w_node/build/my_ros2_pkg_w_node/install.log --single-version-externally-managed
