[1.229s] Invoking command in '/home/tk/work/workcopy/ros2_trial/py_create_pkg_w_node/src/my_ros2_pkg_w_node': PYTHONPATH=/home/tk/work/workcopy/ros2_trial/py_create_pkg_w_node/build/my_ros2_pkg_w_node/prefix_override:/home/tk/work/workcopy/ros2_trial/py_create_pkg_w_node/install/my_ros2_pkg_w_node/lib/python3.10/site-packages:${PYTHONPATH} /usr/bin/python3 setup.py egg_info --egg-base ../../build/my_ros2_pkg_w_node build --build-base /home/tk/work/workcopy/ros2_trial/py_create_pkg_w_node/build/my_ros2_pkg_w_node/build install --record /home/tk/work/workcopy/ros2_trial/py_create_pkg_w_node/build/my_ros2_pkg_w_node/install.log --single-version-externally-managed
[1.694s] running egg_info
[1.695s] writing ../../build/my_ros2_pkg_w_node/my_ros2_pkg_w_node.egg-info/PKG-INFO
[1.696s] writing dependency_links to ../../build/my_ros2_pkg_w_node/my_ros2_pkg_w_node.egg-info/dependency_links.txt
[1.696s] writing entry points to ../../build/my_ros2_pkg_w_node/my_ros2_pkg_w_node.egg-info/entry_points.txt
[1.696s] writing requirements to ../../build/my_ros2_pkg_w_node/my_ros2_pkg_w_node.egg-info/requires.txt
[1.696s] writing top-level names to ../../build/my_ros2_pkg_w_node/my_ros2_pkg_w_node.egg-info/top_level.txt
[1.699s] reading manifest file '../../build/my_ros2_pkg_w_node/my_ros2_pkg_w_node.egg-info/SOURCES.txt'
[1.701s] writing manifest file '../../build/my_ros2_pkg_w_node/my_ros2_pkg_w_node.egg-info/SOURCES.txt'
[1.701s] running build
[1.701s] running build_py
[1.702s] running install
[1.702s] running install_lib
[1.705s] running install_data
[1.706s] running install_egg_info
[1.708s] removing '/home/tk/work/workcopy/ros2_trial/py_create_pkg_w_node/install/my_ros2_pkg_w_node/lib/python3.10/site-packages/my_ros2_pkg_w_node-0.0.0-py3.10.egg-info' (and everything under it)
[1.709s] Copying ../../build/my_ros2_pkg_w_node/my_ros2_pkg_w_node.egg-info to /home/tk/work/workcopy/ros2_trial/py_create_pkg_w_node/install/my_ros2_pkg_w_node/lib/python3.10/site-packages/my_ros2_pkg_w_node-0.0.0-py3.10.egg-info
[1.711s] running install_scripts
[1.746s] Installing my_node_pub script to /home/tk/work/workcopy/ros2_trial/py_create_pkg_w_node/install/my_ros2_pkg_w_node/lib/my_ros2_pkg_w_node
[1.746s] Installing my_node_sub script to /home/tk/work/workcopy/ros2_trial/py_create_pkg_w_node/install/my_ros2_pkg_w_node/lib/my_ros2_pkg_w_node
[1.747s] writing list of installed files to '/home/tk/work/workcopy/ros2_trial/py_create_pkg_w_node/build/my_ros2_pkg_w_node/install.log'
[1.803s] Invoked command in '/home/tk/work/workcopy/ros2_trial/py_create_pkg_w_node/src/my_ros2_pkg_w_node' returned '0': PYTHONPATH=/home/tk/work/workcopy/ros2_trial/py_create_pkg_w_node/build/my_ros2_pkg_w_node/prefix_override:/home/tk/work/workcopy/ros2_trial/py_create_pkg_w_node/install/my_ros2_pkg_w_node/lib/python3.10/site-packages:${PYTHONPATH} /usr/bin/python3 setup.py egg_info --egg-base ../../build/my_ros2_pkg_w_node build --build-base /home/tk/work/workcopy/ros2_trial/py_create_pkg_w_node/build/my_ros2_pkg_w_node/build install --record /home/tk/work/workcopy/ros2_trial/py_create_pkg_w_node/build/my_ros2_pkg_w_node/install.log --single-version-externally-managed
