running egg_info
writing ../../build/my_ros2_pkg_w_node/my_ros2_pkg_w_node.egg-info/PKG-INFO
writing dependency_links to ../../build/my_ros2_pkg_w_node/my_ros2_pkg_w_node.egg-info/dependency_links.txt
writing entry points to ../../build/my_ros2_pkg_w_node/my_ros2_pkg_w_node.egg-info/entry_points.txt
writing requirements to ../../build/my_ros2_pkg_w_node/my_ros2_pkg_w_node.egg-info/requires.txt
writing top-level names to ../../build/my_ros2_pkg_w_node/my_ros2_pkg_w_node.egg-info/top_level.txt
reading manifest file '../../build/my_ros2_pkg_w_node/my_ros2_pkg_w_node.egg-info/SOURCES.txt'
writing manifest file '../../build/my_ros2_pkg_w_node/my_ros2_pkg_w_node.egg-info/SOURCES.txt'
running build
running build_py
copying my_ros2_pkg_w_node/my_node_sub.py -> /home/tk/work/workcopy/ros2_trial/py_create_pkg_w_node/build/my_ros2_pkg_w_node/build/lib/my_ros2_pkg_w_node
running install
running install_lib
copying /home/tk/work/workcopy/ros2_trial/py_create_pkg_w_node/build/my_ros2_pkg_w_node/build/lib/my_ros2_pkg_w_node/my_node_sub.py -> /home/tk/work/workcopy/ros2_trial/py_create_pkg_w_node/install/my_ros2_pkg_w_node/lib/python3.10/site-packages/my_ros2_pkg_w_node
byte-compiling /home/tk/work/workcopy/ros2_trial/py_create_pkg_w_node/install/my_ros2_pkg_w_node/lib/python3.10/site-packages/my_ros2_pkg_w_node/my_node_sub.py to my_node_sub.cpython-310.pyc
running install_data
running install_egg_info
removing '/home/tk/work/workcopy/ros2_trial/py_create_pkg_w_node/install/my_ros2_pkg_w_node/lib/python3.10/site-packages/my_ros2_pkg_w_node-0.0.0-py3.10.egg-info' (and everything under it)
Copying ../../build/my_ros2_pkg_w_node/my_ros2_pkg_w_node.egg-info to /home/tk/work/workcopy/ros2_trial/py_create_pkg_w_node/install/my_ros2_pkg_w_node/lib/python3.10/site-packages/my_ros2_pkg_w_node-0.0.0-py3.10.egg-info
running install_scripts
Installing my_node_pub = my_ros2_pkg_w_node.my_node_pub:mainmy_node_sub script to /home/tk/work/workcopy/ros2_trial/py_create_pkg_w_node/install/my_ros2_pkg_w_node/lib/my_ros2_pkg_w_node
writing list of installed files to '/home/tk/work/workcopy/ros2_trial/py_create_pkg_w_node/build/my_ros2_pkg_w_node/install.log'
