[1.235s] Invoking command in '/home/tk/work/workcopy/ros2_trial/py_create_pkg_w_node/src/my_ros2_pkg_w_node': PYTHONPATH=/home/tk/work/workcopy/ros2_trial/py_create_pkg_w_node/build/my_ros2_pkg_w_node/prefix_override:/home/tk/work/workcopy/ros2_trial/py_create_pkg_w_node/install/my_ros2_pkg_w_node/lib/python3.10/site-packages:${PYTHONPATH} /usr/bin/python3 setup.py egg_info --egg-base ../../build/my_ros2_pkg_w_node build --build-base /home/tk/work/workcopy/ros2_trial/py_create_pkg_w_node/build/my_ros2_pkg_w_node/build install --record /home/tk/work/workcopy/ros2_trial/py_create_pkg_w_node/build/my_ros2_pkg_w_node/install.log --single-version-externally-managed
[1.699s] running egg_info
[1.700s] creating ../../build/my_ros2_pkg_w_node/my_ros2_pkg_w_node.egg-info
[1.701s] writing ../../build/my_ros2_pkg_w_node/my_ros2_pkg_w_node.egg-info/PKG-INFO
[1.701s] writing dependency_links to ../../build/my_ros2_pkg_w_node/my_ros2_pkg_w_node.egg-info/dependency_links.txt
[1.701s] writing entry points to ../../build/my_ros2_pkg_w_node/my_ros2_pkg_w_node.egg-info/entry_points.txt
[1.701s] writing requirements to ../../build/my_ros2_pkg_w_node/my_ros2_pkg_w_node.egg-info/requires.txt
[1.702s] writing top-level names to ../../build/my_ros2_pkg_w_node/my_ros2_pkg_w_node.egg-info/top_level.txt
[1.702s] writing manifest file '../../build/my_ros2_pkg_w_node/my_ros2_pkg_w_node.egg-info/SOURCES.txt'
[1.704s] reading manifest file '../../build/my_ros2_pkg_w_node/my_ros2_pkg_w_node.egg-info/SOURCES.txt'
[1.706s] writing manifest file '../../build/my_ros2_pkg_w_node/my_ros2_pkg_w_node.egg-info/SOURCES.txt'
[1.706s] running build
[1.706s] running build_py
[1.706s] creating /home/tk/work/workcopy/ros2_trial/py_create_pkg_w_node/build/my_ros2_pkg_w_node/build
[1.707s] creating /home/tk/work/workcopy/ros2_trial/py_create_pkg_w_node/build/my_ros2_pkg_w_node/build/lib
[1.707s] creating /home/tk/work/workcopy/ros2_trial/py_create_pkg_w_node/build/my_ros2_pkg_w_node/build/lib/my_ros2_pkg_w_node
[1.707s] copying my_ros2_pkg_w_node/my_node_pub.py -> /home/tk/work/workcopy/ros2_trial/py_create_pkg_w_node/build/my_ros2_pkg_w_node/build/lib/my_ros2_pkg_w_node
[1.707s] copying my_ros2_pkg_w_node/__init__.py -> /home/tk/work/workcopy/ros2_trial/py_create_pkg_w_node/build/my_ros2_pkg_w_node/build/lib/my_ros2_pkg_w_node
[1.707s] running install
[1.707s] running install_lib
[1.709s] creating /home/tk/work/workcopy/ros2_trial/py_create_pkg_w_node/install/my_ros2_pkg_w_node/lib/python3.10/site-packages/my_ros2_pkg_w_node
[1.709s] copying /home/tk/work/workcopy/ros2_trial/py_create_pkg_w_node/build/my_ros2_pkg_w_node/build/lib/my_ros2_pkg_w_node/my_node_pub.py -> /home/tk/work/workcopy/ros2_trial/py_create_pkg_w_node/install/my_ros2_pkg_w_node/lib/python3.10/site-packages/my_ros2_pkg_w_node
[1.709s] copying /home/tk/work/workcopy/ros2_trial/py_create_pkg_w_node/build/my_ros2_pkg_w_node/build/lib/my_ros2_pkg_w_node/__init__.py -> /home/tk/work/workcopy/ros2_trial/py_create_pkg_w_node/install/my_ros2_pkg_w_node/lib/python3.10/site-packages/my_ros2_pkg_w_node
[1.710s] byte-compiling /home/tk/work/workcopy/ros2_trial/py_create_pkg_w_node/install/my_ros2_pkg_w_node/lib/python3.10/site-packages/my_ros2_pkg_w_node/my_node_pub.py to my_node_pub.cpython-310.pyc
[1.711s] byte-compiling /home/tk/work/workcopy/ros2_trial/py_create_pkg_w_node/install/my_ros2_pkg_w_node/lib/python3.10/site-packages/my_ros2_pkg_w_node/__init__.py to __init__.cpython-310.pyc
[1.711s] running install_data
[1.712s] creating /home/tk/work/workcopy/ros2_trial/py_create_pkg_w_node/install/my_ros2_pkg_w_node/share/ament_index
[1.712s] creating /home/tk/work/workcopy/ros2_trial/py_create_pkg_w_node/install/my_ros2_pkg_w_node/share/ament_index/resource_index
[1.713s] creating /home/tk/work/workcopy/ros2_trial/py_create_pkg_w_node/install/my_ros2_pkg_w_node/share/ament_index/resource_index/packages
[1.713s] copying resource/my_ros2_pkg_w_node -> /home/tk/work/workcopy/ros2_trial/py_create_pkg_w_node/install/my_ros2_pkg_w_node/share/ament_index/resource_index/packages
[1.713s] copying package.xml -> /home/tk/work/workcopy/ros2_trial/py_create_pkg_w_node/install/my_ros2_pkg_w_node/share/my_ros2_pkg_w_node
[1.713s] running install_egg_info
[1.716s] Copying ../../build/my_ros2_pkg_w_node/my_ros2_pkg_w_node.egg-info to /home/tk/work/workcopy/ros2_trial/py_create_pkg_w_node/install/my_ros2_pkg_w_node/lib/python3.10/site-packages/my_ros2_pkg_w_node-0.0.0-py3.10.egg-info
[1.717s] running install_scripts
[1.754s] Installing my_node_pub script to /home/tk/work/workcopy/ros2_trial/py_create_pkg_w_node/install/my_ros2_pkg_w_node/lib/my_ros2_pkg_w_node
[1.754s] writing list of installed files to '/home/tk/work/workcopy/ros2_trial/py_create_pkg_w_node/build/my_ros2_pkg_w_node/install.log'
[1.802s] Invoked command in '/home/tk/work/workcopy/ros2_trial/py_create_pkg_w_node/src/my_ros2_pkg_w_node' returned '0': PYTHONPATH=/home/tk/work/workcopy/ros2_trial/py_create_pkg_w_node/build/my_ros2_pkg_w_node/prefix_override:/home/tk/work/workcopy/ros2_trial/py_create_pkg_w_node/install/my_ros2_pkg_w_node/lib/python3.10/site-packages:${PYTHONPATH} /usr/bin/python3 setup.py egg_info --egg-base ../../build/my_ros2_pkg_w_node build --build-base /home/tk/work/workcopy/ros2_trial/py_create_pkg_w_node/build/my_ros2_pkg_w_node/build install --record /home/tk/work/workcopy/ros2_trial/py_create_pkg_w_node/build/my_ros2_pkg_w_node/install.log --single-version-externally-managed
