running egg_info
creating ../../build/my_ros2_pkg/my_ros2_pkg.egg-info
writing ../../build/my_ros2_pkg/my_ros2_pkg.egg-info/PKG-INFO
writing dependency_links to ../../build/my_ros2_pkg/my_ros2_pkg.egg-info/dependency_links.txt
writing entry points to ../../build/my_ros2_pkg/my_ros2_pkg.egg-info/entry_points.txt
writing requirements to ../../build/my_ros2_pkg/my_ros2_pkg.egg-info/requires.txt
writing top-level names to ../../build/my_ros2_pkg/my_ros2_pkg.egg-info/top_level.txt
writing manifest file '../../build/my_ros2_pkg/my_ros2_pkg.egg-info/SOURCES.txt'
reading manifest file '../../build/my_ros2_pkg/my_ros2_pkg.egg-info/SOURCES.txt'
writing manifest file '../../build/my_ros2_pkg/my_ros2_pkg.egg-info/SOURCES.txt'
running build
running build_py
creating /home/tk/work/workcopy/ros2_trial/py_create_pkg/build/my_ros2_pkg/build
creating /home/tk/work/workcopy/ros2_trial/py_create_pkg/build/my_ros2_pkg/build/lib
creating /home/tk/work/workcopy/ros2_trial/py_create_pkg/build/my_ros2_pkg/build/lib/my_ros2_pkg
copying my_ros2_pkg/__init__.py -> /home/tk/work/workcopy/ros2_trial/py_create_pkg/build/my_ros2_pkg/build/lib/my_ros2_pkg
copying my_ros2_pkg/my_ros2_pkg_pub.py -> /home/tk/work/workcopy/ros2_trial/py_create_pkg/build/my_ros2_pkg/build/lib/my_ros2_pkg
running install
running install_lib
creating /home/tk/work/workcopy/ros2_trial/py_create_pkg/install/my_ros2_pkg/lib/python3.10/site-packages/my_ros2_pkg
copying /home/tk/work/workcopy/ros2_trial/py_create_pkg/build/my_ros2_pkg/build/lib/my_ros2_pkg/__init__.py -> /home/tk/work/workcopy/ros2_trial/py_create_pkg/install/my_ros2_pkg/lib/python3.10/site-packages/my_ros2_pkg
copying /home/tk/work/workcopy/ros2_trial/py_create_pkg/build/my_ros2_pkg/build/lib/my_ros2_pkg/my_ros2_pkg_pub.py -> /home/tk/work/workcopy/ros2_trial/py_create_pkg/install/my_ros2_pkg/lib/python3.10/site-packages/my_ros2_pkg
byte-compiling /home/tk/work/workcopy/ros2_trial/py_create_pkg/install/my_ros2_pkg/lib/python3.10/site-packages/my_ros2_pkg/__init__.py to __init__.cpython-310.pyc
byte-compiling /home/tk/work/workcopy/ros2_trial/py_create_pkg/install/my_ros2_pkg/lib/python3.10/site-packages/my_ros2_pkg/my_ros2_pkg_pub.py to my_ros2_pkg_pub.cpython-310.pyc
running install_data
creating /home/tk/work/workcopy/ros2_trial/py_create_pkg/install/my_ros2_pkg/share/ament_index
creating /home/tk/work/workcopy/ros2_trial/py_create_pkg/install/my_ros2_pkg/share/ament_index/resource_index
creating /home/tk/work/workcopy/ros2_trial/py_create_pkg/install/my_ros2_pkg/share/ament_index/resource_index/packages
copying resource/my_ros2_pkg -> /home/tk/work/workcopy/ros2_trial/py_create_pkg/install/my_ros2_pkg/share/ament_index/resource_index/packages
copying package.xml -> /home/tk/work/workcopy/ros2_trial/py_create_pkg/install/my_ros2_pkg/share/my_ros2_pkg
running install_egg_info
Copying ../../build/my_ros2_pkg/my_ros2_pkg.egg-info to /home/tk/work/workcopy/ros2_trial/py_create_pkg/install/my_ros2_pkg/lib/python3.10/site-packages/my_ros2_pkg-0.0.0-py3.10.egg-info
running install_scripts
writing list of installed files to '/home/tk/work/workcopy/ros2_trial/py_create_pkg/build/my_ros2_pkg/install.log'
