[0.402s] Invoking command in '/home/yasuyukitakahashi/work/ros2_trial/launch/src/my_ros2_pkg_w_node': PYTHONPATH=/home/yasuyukitakahashi/work/ros2_trial/launch/build/my_ros2_pkg_w_node/prefix_override:/home/yasuyukitakahashi/work/ros2_trial/launch/install/my_ros2_pkg_w_node/lib/python3.10/site-packages:${PYTHONPATH} /usr/bin/python3 setup.py egg_info --egg-base ../../build/my_ros2_pkg_w_node build --build-base /home/yasuyukitakahashi/work/ros2_trial/launch/build/my_ros2_pkg_w_node/build install --record /home/yasuyukitakahashi/work/ros2_trial/launch/build/my_ros2_pkg_w_node/install.log --single-version-externally-managed
[0.552s] running egg_info
[0.552s] writing ../../build/my_ros2_pkg_w_node/my_ros2_pkg_w_node.egg-info/PKG-INFO
[0.552s] writing dependency_links to ../../build/my_ros2_pkg_w_node/my_ros2_pkg_w_node.egg-info/dependency_links.txt
[0.552s] writing entry points to ../../build/my_ros2_pkg_w_node/my_ros2_pkg_w_node.egg-info/entry_points.txt
[0.552s] writing requirements to ../../build/my_ros2_pkg_w_node/my_ros2_pkg_w_node.egg-info/requires.txt
[0.552s] writing top-level names to ../../build/my_ros2_pkg_w_node/my_ros2_pkg_w_node.egg-info/top_level.txt
[0.553s] reading manifest file '../../build/my_ros2_pkg_w_node/my_ros2_pkg_w_node.egg-info/SOURCES.txt'
[0.554s] writing manifest file '../../build/my_ros2_pkg_w_node/my_ros2_pkg_w_node.egg-info/SOURCES.txt'
[0.554s] running build
[0.554s] running build_py
[0.554s] running install
[0.554s] /usr/lib/python3/dist-packages/setuptools/command/install.py:34: SetuptoolsDeprecationWarning: setup.py install is deprecated. Use build and pip and other standards-based tools.
[0.554s]   warnings.warn(
[0.554s] running install_lib
[0.555s] running install_data
[0.555s] running install_egg_info
[0.556s] removing '/home/yasuyukitakahashi/work/ros2_trial/launch/install/my_ros2_pkg_w_node/lib/python3.10/site-packages/my_ros2_pkg_w_node-0.0.0-py3.10.egg-info' (and everything under it)
[0.556s] Copying ../../build/my_ros2_pkg_w_node/my_ros2_pkg_w_node.egg-info to /home/yasuyukitakahashi/work/ros2_trial/launch/install/my_ros2_pkg_w_node/lib/python3.10/site-packages/my_ros2_pkg_w_node-0.0.0-py3.10.egg-info
[0.557s] running install_scripts
[0.569s] writing list of installed files to '/home/yasuyukitakahashi/work/ros2_trial/launch/build/my_ros2_pkg_w_node/install.log'
[0.581s] Invoked command in '/home/yasuyukitakahashi/work/ros2_trial/launch/src/my_ros2_pkg_w_node' returned '0': PYTHONPATH=/home/yasuyukitakahashi/work/ros2_trial/launch/build/my_ros2_pkg_w_node/prefix_override:/home/yasuyukitakahashi/work/ros2_trial/launch/install/my_ros2_pkg_w_node/lib/python3.10/site-packages:${PYTHONPATH} /usr/bin/python3 setup.py egg_info --egg-base ../../build/my_ros2_pkg_w_node build --build-base /home/yasuyukitakahashi/work/ros2_trial/launch/build/my_ros2_pkg_w_node/build install --record /home/yasuyukitakahashi/work/ros2_trial/launch/build/my_ros2_pkg_w_node/install.log --single-version-externally-managed
