[1.291s] Invoking command in '/home/tk/work/workcopy/ros2_trial/py_create_pkg/src/my_ros2_pkg': PYTHONPATH=/home/tk/work/workcopy/ros2_trial/py_create_pkg/build/my_ros2_pkg/prefix_override:/home/tk/work/workcopy/ros2_trial/py_create_pkg/install/my_ros2_pkg/lib/python3.10/site-packages:${PYTHONPATH} /usr/bin/python3 setup.py egg_info --egg-base ../../build/my_ros2_pkg build --build-base /home/tk/work/workcopy/ros2_trial/py_create_pkg/build/my_ros2_pkg/build install --record /home/tk/work/workcopy/ros2_trial/py_create_pkg/build/my_ros2_pkg/install.log --single-version-externally-managed
[1.788s] running egg_info
[1.789s] writing ../../build/my_ros2_pkg/my_ros2_pkg.egg-info/PKG-INFO
[1.789s] writing dependency_links to ../../build/my_ros2_pkg/my_ros2_pkg.egg-info/dependency_links.txt
[1.790s] writing entry points to ../../build/my_ros2_pkg/my_ros2_pkg.egg-info/entry_points.txt
[1.790s] writing requirements to ../../build/my_ros2_pkg/my_ros2_pkg.egg-info/requires.txt
[1.790s] writing top-level names to ../../build/my_ros2_pkg/my_ros2_pkg.egg-info/top_level.txt
[1.793s] reading manifest file '../../build/my_ros2_pkg/my_ros2_pkg.egg-info/SOURCES.txt'
[1.795s] writing manifest file '../../build/my_ros2_pkg/my_ros2_pkg.egg-info/SOURCES.txt'
[1.796s] running build
[1.796s] running build_py
[1.796s] running install
[1.797s] running install_lib
[1.799s] running install_data
[1.800s] running install_egg_info
[1.803s] removing '/home/tk/work/workcopy/ros2_trial/py_create_pkg/install/my_ros2_pkg/lib/python3.10/site-packages/my_ros2_pkg-0.0.0-py3.10.egg-info' (and everything under it)
[1.803s] Copying ../../build/my_ros2_pkg/my_ros2_pkg.egg-info to /home/tk/work/workcopy/ros2_trial/py_create_pkg/install/my_ros2_pkg/lib/python3.10/site-packages/my_ros2_pkg-0.0.0-py3.10.egg-info
[1.805s] running install_scripts
[1.838s] Installing pub script to /home/tk/work/workcopy/ros2_trial/py_create_pkg/install/my_ros2_pkg/lib/my_ros2_pkg
[1.839s] writing list of installed files to '/home/tk/work/workcopy/ros2_trial/py_create_pkg/build/my_ros2_pkg/install.log'
[1.898s] Invoked command in '/home/tk/work/workcopy/ros2_trial/py_create_pkg/src/my_ros2_pkg' returned '0': PYTHONPATH=/home/tk/work/workcopy/ros2_trial/py_create_pkg/build/my_ros2_pkg/prefix_override:/home/tk/work/workcopy/ros2_trial/py_create_pkg/install/my_ros2_pkg/lib/python3.10/site-packages:${PYTHONPATH} /usr/bin/python3 setup.py egg_info --egg-base ../../build/my_ros2_pkg build --build-base /home/tk/work/workcopy/ros2_trial/py_create_pkg/build/my_ros2_pkg/build install --record /home/tk/work/workcopy/ros2_trial/py_create_pkg/build/my_ros2_pkg/install.log --single-version-externally-managed
