running egg_info
writing ../../build/my_ros2_pkg_w_node/my_ros2_pkg_w_node.egg-info/PKG-INFO
writing dependency_links to ../../build/my_ros2_pkg_w_node/my_ros2_pkg_w_node.egg-info/dependency_links.txt
writing entry points to ../../build/my_ros2_pkg_w_node/my_ros2_pkg_w_node.egg-info/entry_points.txt
writing requirements to ../../build/my_ros2_pkg_w_node/my_ros2_pkg_w_node.egg-info/requires.txt
writing top-level names to ../../build/my_ros2_pkg_w_node/my_ros2_pkg_w_node.egg-info/top_level.txt
reading manifest file '../../build/my_ros2_pkg_w_node/my_ros2_pkg_w_node.egg-info/SOURCES.txt'
writing manifest file '../../build/my_ros2_pkg_w_node/my_ros2_pkg_w_node.egg-info/SOURCES.txt'
running build
running build_py
running install
running install_lib
running install_data
copying launch/test.launch.py -> /home/yasuyukitakahashi/work/ros2_trial/launch/install/my_ros2_pkg_w_node/share/my_ros2_pkg_w_node
running install_egg_info
removing '/home/yasuyukitakahashi/work/ros2_trial/launch/install/my_ros2_pkg_w_node/lib/python3.10/site-packages/my_ros2_pkg_w_node-0.0.0-py3.10.egg-info' (and everything under it)
Copying ../../build/my_ros2_pkg_w_node/my_ros2_pkg_w_node.egg-info to /home/yasuyukitakahashi/work/ros2_trial/launch/install/my_ros2_pkg_w_node/lib/python3.10/site-packages/my_ros2_pkg_w_node-0.0.0-py3.10.egg-info
running install_scripts
Installing my_node_pub script to /home/yasuyukitakahashi/work/ros2_trial/launch/install/my_ros2_pkg_w_node/lib/my_ros2_pkg_w_node
Installing my_node_sub script to /home/yasuyukitakahashi/work/ros2_trial/launch/install/my_ros2_pkg_w_node/lib/my_ros2_pkg_w_node
writing list of installed files to '/home/yasuyukitakahashi/work/ros2_trial/launch/build/my_ros2_pkg_w_node/install.log'
