[1.117s] DEBUG:colcon:Command line arguments: ['/usr/bin/colcon', 'build', '--packages-select', 'my_ros2_pkg_w_node']
[1.117s] DEBUG:colcon:Parsed command line arguments: Namespace(log_base=None, log_level=None, verb_name='build', build_base='build', install_base='install', merge_install=False, symlink_install=False, test_result_base=None, continue_on_error=False, executor='parallel', parallel_workers=4, event_handlers=None, ignore_user_meta=False, metas=['./colcon.meta'], base_paths=['.'], packages_ignore=None, packages_ignore_regex=None, paths=None, packages_up_to=None, packages_up_to_regex=None, packages_above=None, packages_above_and_dependencies=None, packages_above_depth=None, packages_select_by_dep=None, packages_skip_by_dep=None, packages_skip_up_to=None, packages_select_build_failed=False, packages_skip_build_finished=False, packages_select_test_failures=False, packages_skip_test_passed=False, packages_select=['my_ros2_pkg_w_node'], packages_skip=None, packages_select_regex=None, packages_skip_regex=None, packages_start=None, packages_end=None, allow_overriding=[], cmake_args=None, cmake_target=None, cmake_target_skip_unavailable=False, cmake_clean_cache=False, cmake_clean_first=False, cmake_force_configure=False, ament_cmake_args=None, catkin_cmake_args=None, catkin_skip_building_tests=False, verb_parser=<colcon_defaults.argument_parser.defaults.DefaultArgumentsDecorator object at 0x7f1b5301d1b0>, verb_extension=<colcon_core.verb.build.BuildVerb object at 0x7f1b5301cc40>, main=<bound method BuildVerb.main of <colcon_core.verb.build.BuildVerb object at 0x7f1b5301cc40>>)
[1.175s] Level 1:colcon.colcon_core.package_discovery:discover_packages(colcon_meta) check parameters
[1.175s] Level 1:colcon.colcon_core.package_discovery:discover_packages(recursive) check parameters
[1.175s] Level 1:colcon.colcon_core.package_discovery:discover_packages(ignore) check parameters
[1.175s] Level 1:colcon.colcon_core.package_discovery:discover_packages(path) check parameters
[1.175s] Level 1:colcon.colcon_core.package_discovery:discover_packages(colcon_meta) discover
[1.176s] Level 1:colcon.colcon_core.package_discovery:discover_packages(recursive) discover
[1.176s] INFO:colcon.colcon_core.package_discovery:Crawling recursively for packages in '/home/tk/work/workcopy/ros2_trial/py_create_pkg_w_node'
[1.176s] Level 1:colcon.colcon_core.package_identification:_identify(.) by extensions ['ignore', 'ignore_ament_install']
[1.176s] Level 1:colcon.colcon_core.package_identification:_identify(.) by extension 'ignore'
[1.176s] Level 1:colcon.colcon_core.package_identification:_identify(.) by extension 'ignore_ament_install'
[1.176s] Level 1:colcon.colcon_core.package_identification:_identify(.) by extensions ['colcon_pkg']
[1.176s] Level 1:colcon.colcon_core.package_identification:_identify(.) by extension 'colcon_pkg'
[1.176s] Level 1:colcon.colcon_core.package_identification:_identify(.) by extensions ['colcon_meta']
[1.176s] Level 1:colcon.colcon_core.package_identification:_identify(.) by extension 'colcon_meta'
[1.176s] Level 1:colcon.colcon_core.package_identification:_identify(.) by extensions ['ros']
[1.177s] Level 1:colcon.colcon_core.package_identification:_identify(.) by extension 'ros'
[1.195s] Level 1:colcon.colcon_core.package_identification:_identify(.) by extensions ['cmake', 'python']
[1.196s] Level 1:colcon.colcon_core.package_identification:_identify(.) by extension 'cmake'
[1.196s] Level 1:colcon.colcon_core.package_identification:_identify(.) by extension 'python'
[1.196s] Level 1:colcon.colcon_core.package_identification:_identify(.) by extensions ['python_setup_py']
[1.196s] Level 1:colcon.colcon_core.package_identification:_identify(.) by extension 'python_setup_py'
[1.196s] Level 1:colcon.colcon_core.package_identification:_identify(build) by extensions ['ignore', 'ignore_ament_install']
[1.196s] Level 1:colcon.colcon_core.package_identification:_identify(build) by extension 'ignore'
[1.196s] Level 1:colcon.colcon_core.package_identification:_identify(build) ignored
[1.197s] Level 1:colcon.colcon_core.package_identification:_identify(install) by extensions ['ignore', 'ignore_ament_install']
[1.197s] Level 1:colcon.colcon_core.package_identification:_identify(install) by extension 'ignore'
[1.197s] Level 1:colcon.colcon_core.package_identification:_identify(install) ignored
[1.197s] Level 1:colcon.colcon_core.package_identification:_identify(log) by extensions ['ignore', 'ignore_ament_install']
[1.197s] Level 1:colcon.colcon_core.package_identification:_identify(log) by extension 'ignore'
[1.197s] Level 1:colcon.colcon_core.package_identification:_identify(log) ignored
[1.197s] Level 1:colcon.colcon_core.package_identification:_identify(src) by extensions ['ignore', 'ignore_ament_install']
[1.197s] Level 1:colcon.colcon_core.package_identification:_identify(src) by extension 'ignore'
[1.198s] Level 1:colcon.colcon_core.package_identification:_identify(src) by extension 'ignore_ament_install'
[1.198s] Level 1:colcon.colcon_core.package_identification:_identify(src) by extensions ['colcon_pkg']
[1.198s] Level 1:colcon.colcon_core.package_identification:_identify(src) by extension 'colcon_pkg'
[1.198s] Level 1:colcon.colcon_core.package_identification:_identify(src) by extensions ['colcon_meta']
[1.198s] Level 1:colcon.colcon_core.package_identification:_identify(src) by extension 'colcon_meta'
[1.198s] Level 1:colcon.colcon_core.package_identification:_identify(src) by extensions ['ros']
[1.198s] Level 1:colcon.colcon_core.package_identification:_identify(src) by extension 'ros'
[1.198s] Level 1:colcon.colcon_core.package_identification:_identify(src) by extensions ['cmake', 'python']
[1.198s] Level 1:colcon.colcon_core.package_identification:_identify(src) by extension 'cmake'
[1.198s] Level 1:colcon.colcon_core.package_identification:_identify(src) by extension 'python'
[1.198s] Level 1:colcon.colcon_core.package_identification:_identify(src) by extensions ['python_setup_py']
[1.198s] Level 1:colcon.colcon_core.package_identification:_identify(src) by extension 'python_setup_py'
[1.199s] Level 1:colcon.colcon_core.package_identification:_identify(src/my_ros2_pkg_w_node) by extensions ['ignore', 'ignore_ament_install']
[1.199s] Level 1:colcon.colcon_core.package_identification:_identify(src/my_ros2_pkg_w_node) by extension 'ignore'
[1.199s] Level 1:colcon.colcon_core.package_identification:_identify(src/my_ros2_pkg_w_node) by extension 'ignore_ament_install'
[1.199s] Level 1:colcon.colcon_core.package_identification:_identify(src/my_ros2_pkg_w_node) by extensions ['colcon_pkg']
[1.199s] Level 1:colcon.colcon_core.package_identification:_identify(src/my_ros2_pkg_w_node) by extension 'colcon_pkg'
[1.199s] Level 1:colcon.colcon_core.package_identification:_identify(src/my_ros2_pkg_w_node) by extensions ['colcon_meta']
[1.199s] Level 1:colcon.colcon_core.package_identification:_identify(src/my_ros2_pkg_w_node) by extension 'colcon_meta'
[1.199s] Level 1:colcon.colcon_core.package_identification:_identify(src/my_ros2_pkg_w_node) by extensions ['ros']
[1.199s] Level 1:colcon.colcon_core.package_identification:_identify(src/my_ros2_pkg_w_node) by extension 'ros'
[1.203s] DEBUG:colcon.colcon_core.package_identification:Package 'src/my_ros2_pkg_w_node' with type 'ros.ament_python' and name 'my_ros2_pkg_w_node'
[1.203s] Level 1:colcon.colcon_core.package_discovery:discover_packages(recursive) using defaults
[1.203s] Level 1:colcon.colcon_core.package_discovery:discover_packages(ignore) discover
[1.203s] Level 1:colcon.colcon_core.package_discovery:discover_packages(ignore) using defaults
[1.203s] Level 1:colcon.colcon_core.package_discovery:discover_packages(path) discover
[1.203s] Level 1:colcon.colcon_core.package_discovery:discover_packages(path) using defaults
[1.273s] Level 1:colcon.colcon_core.package_discovery:discover_packages(prefix_path) check parameters
[1.274s] Level 1:colcon.colcon_core.package_discovery:discover_packages(prefix_path) discover
[1.284s] WARNING:colcon.colcon_core.prefix_path.colcon:The path '/home/tk/work/workcopy/ros2_trial/py_create_pkg/install' in the environment variable COLCON_PREFIX_PATH doesn't exist
[1.285s] WARNING:colcon.colcon_ros.prefix_path.ament:The path '/home/tk/work/workcopy/ros2_trial/py_create_pkg/install/my_ros2_pkg' in the environment variable AMENT_PREFIX_PATH doesn't exist
[1.293s] DEBUG:colcon.colcon_installed_package_information.package_discovery:Found 1 installed packages in /home/tk/work/workcopy/ros2_trial/py_create_pkg_w_node/install
[1.305s] DEBUG:colcon.colcon_installed_package_information.package_discovery:Found 271 installed packages in /opt/ros/humble
[1.308s] Level 1:colcon.colcon_core.package_discovery:discover_packages(prefix_path) using defaults
[1.440s] Level 5:colcon.colcon_core.verb:set package 'my_ros2_pkg_w_node' build argument 'cmake_args' from command line to 'None'
[1.440s] Level 5:colcon.colcon_core.verb:set package 'my_ros2_pkg_w_node' build argument 'cmake_target' from command line to 'None'
[1.440s] Level 5:colcon.colcon_core.verb:set package 'my_ros2_pkg_w_node' build argument 'cmake_target_skip_unavailable' from command line to 'False'
[1.440s] Level 5:colcon.colcon_core.verb:set package 'my_ros2_pkg_w_node' build argument 'cmake_clean_cache' from command line to 'False'
[1.440s] Level 5:colcon.colcon_core.verb:set package 'my_ros2_pkg_w_node' build argument 'cmake_clean_first' from command line to 'False'
[1.440s] Level 5:colcon.colcon_core.verb:set package 'my_ros2_pkg_w_node' build argument 'cmake_force_configure' from command line to 'False'
[1.440s] Level 5:colcon.colcon_core.verb:set package 'my_ros2_pkg_w_node' build argument 'ament_cmake_args' from command line to 'None'
[1.440s] Level 5:colcon.colcon_core.verb:set package 'my_ros2_pkg_w_node' build argument 'catkin_cmake_args' from command line to 'None'
[1.440s] Level 5:colcon.colcon_core.verb:set package 'my_ros2_pkg_w_node' build argument 'catkin_skip_building_tests' from command line to 'False'
[1.440s] DEBUG:colcon.colcon_core.verb:Building package 'my_ros2_pkg_w_node' with the following arguments: {'ament_cmake_args': None, 'build_base': '/home/tk/work/workcopy/ros2_trial/py_create_pkg_w_node/build/my_ros2_pkg_w_node', 'catkin_cmake_args': None, 'catkin_skip_building_tests': False, 'cmake_args': None, 'cmake_clean_cache': False, 'cmake_clean_first': False, 'cmake_force_configure': False, 'cmake_target': None, 'cmake_target_skip_unavailable': False, 'install_base': '/home/tk/work/workcopy/ros2_trial/py_create_pkg_w_node/install/my_ros2_pkg_w_node', 'merge_install': False, 'path': '/home/tk/work/workcopy/ros2_trial/py_create_pkg_w_node/src/my_ros2_pkg_w_node', 'symlink_install': False, 'test_result_base': None}
[1.445s] INFO:colcon.colcon_core.executor:Executing jobs using 'parallel' executor
[1.475s] DEBUG:colcon.colcon_parallel_executor.executor.parallel:run_until_complete
[1.475s] INFO:colcon.colcon_ros.task.ament_python.build:Building ROS package in '/home/tk/work/workcopy/ros2_trial/py_create_pkg_w_node/src/my_ros2_pkg_w_node' with build type 'ament_python'
[1.476s] Level 1:colcon.colcon_core.shell:create_environment_hook('my_ros2_pkg_w_node', 'ament_prefix_path')
[1.497s] INFO:colcon.colcon_core.plugin_system:Skipping extension 'colcon_core.shell.bat': Not used on non-Windows systems
[1.497s] INFO:colcon.colcon_core.shell:Creating environment hook '/home/tk/work/workcopy/ros2_trial/py_create_pkg_w_node/install/my_ros2_pkg_w_node/share/my_ros2_pkg_w_node/hook/ament_prefix_path.ps1'
[1.498s] INFO:colcon.colcon_core.shell:Creating environment descriptor '/home/tk/work/workcopy/ros2_trial/py_create_pkg_w_node/install/my_ros2_pkg_w_node/share/my_ros2_pkg_w_node/hook/ament_prefix_path.dsv'
[1.499s] INFO:colcon.colcon_core.shell:Creating environment hook '/home/tk/work/workcopy/ros2_trial/py_create_pkg_w_node/install/my_ros2_pkg_w_node/share/my_ros2_pkg_w_node/hook/ament_prefix_path.sh'
[1.515s] INFO:colcon.colcon_core.shell:Skip shell extension 'powershell' for command environment: Not usable outside of PowerShell
[1.515s] DEBUG:colcon.colcon_core.shell:Skip shell extension 'dsv' for command environment
[2.048s] INFO:colcon.colcon_core.task.python.build:Building Python package in '/home/tk/work/workcopy/ros2_trial/py_create_pkg_w_node/src/my_ros2_pkg_w_node'
[2.061s] INFO:colcon.colcon_core.shell:Skip shell extension 'powershell' for command environment: Not usable outside of PowerShell
[2.061s] DEBUG:colcon.colcon_core.shell:Skip shell extension 'dsv' for command environment
[2.710s] DEBUG:colcon.colcon_core.event_handler.log_command:Invoking command in '/home/tk/work/workcopy/ros2_trial/py_create_pkg_w_node/src/my_ros2_pkg_w_node': PYTHONPATH=/home/tk/work/workcopy/ros2_trial/py_create_pkg_w_node/build/my_ros2_pkg_w_node/prefix_override:/home/tk/work/workcopy/ros2_trial/py_create_pkg_w_node/install/my_ros2_pkg_w_node/lib/python3.10/site-packages:${PYTHONPATH} /usr/bin/python3 setup.py egg_info --egg-base ../../build/my_ros2_pkg_w_node build --build-base /home/tk/work/workcopy/ros2_trial/py_create_pkg_w_node/build/my_ros2_pkg_w_node/build install --record /home/tk/work/workcopy/ros2_trial/py_create_pkg_w_node/build/my_ros2_pkg_w_node/install.log --single-version-externally-managed
[3.284s] DEBUG:colcon.colcon_core.event_handler.log_command:Invoked command in '/home/tk/work/workcopy/ros2_trial/py_create_pkg_w_node/src/my_ros2_pkg_w_node' returned '0': PYTHONPATH=/home/tk/work/workcopy/ros2_trial/py_create_pkg_w_node/build/my_ros2_pkg_w_node/prefix_override:/home/tk/work/workcopy/ros2_trial/py_create_pkg_w_node/install/my_ros2_pkg_w_node/lib/python3.10/site-packages:${PYTHONPATH} /usr/bin/python3 setup.py egg_info --egg-base ../../build/my_ros2_pkg_w_node build --build-base /home/tk/work/workcopy/ros2_trial/py_create_pkg_w_node/build/my_ros2_pkg_w_node/build install --record /home/tk/work/workcopy/ros2_trial/py_create_pkg_w_node/build/my_ros2_pkg_w_node/install.log --single-version-externally-managed
[3.329s] Level 1:colcon.colcon_core.environment:checking '/home/tk/work/workcopy/ros2_trial/py_create_pkg_w_node/install/my_ros2_pkg_w_node' for CMake module files
[3.331s] Level 1:colcon.colcon_core.environment:checking '/home/tk/work/workcopy/ros2_trial/py_create_pkg_w_node/install/my_ros2_pkg_w_node' for CMake config files
[3.333s] Level 1:colcon.colcon_core.environment:checking '/home/tk/work/workcopy/ros2_trial/py_create_pkg_w_node/install/my_ros2_pkg_w_node/lib'
[3.333s] Level 1:colcon.colcon_core.environment:checking '/home/tk/work/workcopy/ros2_trial/py_create_pkg_w_node/install/my_ros2_pkg_w_node/bin'
[3.333s] Level 1:colcon.colcon_core.environment:checking '/home/tk/work/workcopy/ros2_trial/py_create_pkg_w_node/install/my_ros2_pkg_w_node/lib/pkgconfig/my_ros2_pkg_w_node.pc'
[3.334s] Level 1:colcon.colcon_core.environment:checking '/home/tk/work/workcopy/ros2_trial/py_create_pkg_w_node/install/my_ros2_pkg_w_node/lib/python3.10/site-packages'
[3.334s] Level 1:colcon.colcon_core.shell:create_environment_hook('my_ros2_pkg_w_node', 'pythonpath')
[3.353s] INFO:colcon.colcon_core.shell:Creating environment hook '/home/tk/work/workcopy/ros2_trial/py_create_pkg_w_node/install/my_ros2_pkg_w_node/share/my_ros2_pkg_w_node/hook/pythonpath.ps1'
[3.354s] INFO:colcon.colcon_core.shell:Creating environment descriptor '/home/tk/work/workcopy/ros2_trial/py_create_pkg_w_node/install/my_ros2_pkg_w_node/share/my_ros2_pkg_w_node/hook/pythonpath.dsv'
[3.355s] INFO:colcon.colcon_core.shell:Creating environment hook '/home/tk/work/workcopy/ros2_trial/py_create_pkg_w_node/install/my_ros2_pkg_w_node/share/my_ros2_pkg_w_node/hook/pythonpath.sh'
[3.356s] Level 1:colcon.colcon_core.environment:checking '/home/tk/work/workcopy/ros2_trial/py_create_pkg_w_node/install/my_ros2_pkg_w_node/bin'
[3.356s] Level 1:colcon.colcon_core.environment:create_environment_scripts_only(my_ros2_pkg_w_node)
[3.371s] INFO:colcon.colcon_core.shell:Creating package script '/home/tk/work/workcopy/ros2_trial/py_create_pkg_w_node/install/my_ros2_pkg_w_node/share/my_ros2_pkg_w_node/package.ps1'
[3.373s] INFO:colcon.colcon_core.shell:Creating package descriptor '/home/tk/work/workcopy/ros2_trial/py_create_pkg_w_node/install/my_ros2_pkg_w_node/share/my_ros2_pkg_w_node/package.dsv'
[3.374s] INFO:colcon.colcon_core.shell:Creating package script '/home/tk/work/workcopy/ros2_trial/py_create_pkg_w_node/install/my_ros2_pkg_w_node/share/my_ros2_pkg_w_node/package.sh'
[3.376s] INFO:colcon.colcon_core.shell:Creating package script '/home/tk/work/workcopy/ros2_trial/py_create_pkg_w_node/install/my_ros2_pkg_w_node/share/my_ros2_pkg_w_node/package.bash'
[3.377s] INFO:colcon.colcon_core.shell:Creating package script '/home/tk/work/workcopy/ros2_trial/py_create_pkg_w_node/install/my_ros2_pkg_w_node/share/my_ros2_pkg_w_node/package.zsh'
[3.378s] Level 1:colcon.colcon_core.environment:create_file_with_runtime_dependencies(/home/tk/work/workcopy/ros2_trial/py_create_pkg_w_node/install/my_ros2_pkg_w_node/share/colcon-core/packages/my_ros2_pkg_w_node)
[3.378s] DEBUG:colcon.colcon_parallel_executor.executor.parallel:closing loop
[3.380s] DEBUG:colcon.colcon_parallel_executor.executor.parallel:loop closed
[3.380s] DEBUG:colcon.colcon_parallel_executor.executor.parallel:run_until_complete finished with '0'
[3.380s] DEBUG:colcon.colcon_core.event_reactor:joining thread
[3.427s] INFO:colcon.colcon_core.plugin_system:Skipping extension 'colcon_notification.desktop_notification.terminal_notifier': Not used on non-Darwin systems
[3.427s] INFO:colcon.colcon_core.plugin_system:Skipping extension 'colcon_notification.desktop_notification.win32': Not used on non-Windows systems
[3.427s] INFO:colcon.colcon_notification.desktop_notification:Sending desktop notification using 'notify2'
[3.468s] DEBUG:colcon.colcon_core.event_reactor:joined thread
[3.495s] INFO:colcon.colcon_core.shell:Creating prefix script '/home/tk/work/workcopy/ros2_trial/py_create_pkg_w_node/install/local_setup.ps1'
[3.498s] INFO:colcon.colcon_core.shell:Creating prefix util module '/home/tk/work/workcopy/ros2_trial/py_create_pkg_w_node/install/_local_setup_util_ps1.py'
[3.503s] INFO:colcon.colcon_core.shell:Creating prefix chain script '/home/tk/work/workcopy/ros2_trial/py_create_pkg_w_node/install/setup.ps1'
[3.521s] INFO:colcon.colcon_core.shell:Creating prefix script '/home/tk/work/workcopy/ros2_trial/py_create_pkg_w_node/install/local_setup.sh'
[3.522s] INFO:colcon.colcon_core.shell:Creating prefix util module '/home/tk/work/workcopy/ros2_trial/py_create_pkg_w_node/install/_local_setup_util_sh.py'
[3.524s] INFO:colcon.colcon_core.shell:Creating prefix chain script '/home/tk/work/workcopy/ros2_trial/py_create_pkg_w_node/install/setup.sh'
[3.538s] INFO:colcon.colcon_core.shell:Creating prefix script '/home/tk/work/workcopy/ros2_trial/py_create_pkg_w_node/install/local_setup.bash'
[3.539s] INFO:colcon.colcon_core.shell:Creating prefix chain script '/home/tk/work/workcopy/ros2_trial/py_create_pkg_w_node/install/setup.bash'
[3.550s] INFO:colcon.colcon_core.shell:Creating prefix script '/home/tk/work/workcopy/ros2_trial/py_create_pkg_w_node/install/local_setup.zsh'
[3.551s] INFO:colcon.colcon_core.shell:Creating prefix chain script '/home/tk/work/workcopy/ros2_trial/py_create_pkg_w_node/install/setup.zsh'
