[1.285s] Invoking command in '/home/tk/work/workcopy/ros2_trial/py_create_pkg/src/my_ros2_pkg': PYTHONPATH=/home/tk/work/workcopy/ros2_trial/py_create_pkg/build/my_ros2_pkg/prefix_override:/home/tk/work/workcopy/ros2_trial/py_create_pkg/install/my_ros2_pkg/lib/python3.10/site-packages:${PYTHONPATH} /usr/bin/python3 setup.py egg_info --egg-base ../../build/my_ros2_pkg build --build-base /home/tk/work/workcopy/ros2_trial/py_create_pkg/build/my_ros2_pkg/build install --record /home/tk/work/workcopy/ros2_trial/py_create_pkg/build/my_ros2_pkg/install.log --single-version-externally-managed
[1.763s] running egg_info
[1.765s] writing ../../build/my_ros2_pkg/my_ros2_pkg.egg-info/PKG-INFO
[1.765s] writing dependency_links to ../../build/my_ros2_pkg/my_ros2_pkg.egg-info/dependency_links.txt
[1.765s] writing entry points to ../../build/my_ros2_pkg/my_ros2_pkg.egg-info/entry_points.txt
[1.766s] writing requirements to ../../build/my_ros2_pkg/my_ros2_pkg.egg-info/requires.txt
[1.766s] writing top-level names to ../../build/my_ros2_pkg/my_ros2_pkg.egg-info/top_level.txt
[1.769s] reading manifest file '../../build/my_ros2_pkg/my_ros2_pkg.egg-info/SOURCES.txt'
[1.771s] writing manifest file '../../build/my_ros2_pkg/my_ros2_pkg.egg-info/SOURCES.txt'
[1.771s] running build
[1.772s] running build_py
[1.772s] copying my_ros2_pkg/my_ros2_pkg_sub.py -> /home/tk/work/workcopy/ros2_trial/py_create_pkg/build/my_ros2_pkg/build/lib/my_ros2_pkg
[1.772s] running install
[1.773s] running install_lib
[1.774s] copying /home/tk/work/workcopy/ros2_trial/py_create_pkg/build/my_ros2_pkg/build/lib/my_ros2_pkg/my_ros2_pkg_sub.py -> /home/tk/work/workcopy/ros2_trial/py_create_pkg/install/my_ros2_pkg/lib/python3.10/site-packages/my_ros2_pkg
[1.775s] byte-compiling /home/tk/work/workcopy/ros2_trial/py_create_pkg/install/my_ros2_pkg/lib/python3.10/site-packages/my_ros2_pkg/my_ros2_pkg_sub.py to my_ros2_pkg_sub.cpython-310.pyc
[1.776s] running install_data
[1.777s] running install_egg_info
[1.780s] removing '/home/tk/work/workcopy/ros2_trial/py_create_pkg/install/my_ros2_pkg/lib/python3.10/site-packages/my_ros2_pkg-0.0.0-py3.10.egg-info' (and everything under it)
[1.780s] Copying ../../build/my_ros2_pkg/my_ros2_pkg.egg-info to /home/tk/work/workcopy/ros2_trial/py_create_pkg/install/my_ros2_pkg/lib/python3.10/site-packages/my_ros2_pkg-0.0.0-py3.10.egg-info
[1.782s] running install_scripts
[1.815s] Installing pub script to /home/tk/work/workcopy/ros2_trial/py_create_pkg/install/my_ros2_pkg/lib/my_ros2_pkg
[1.816s] Installing sub script to /home/tk/work/workcopy/ros2_trial/py_create_pkg/install/my_ros2_pkg/lib/my_ros2_pkg
[1.816s] writing list of installed files to '/home/tk/work/workcopy/ros2_trial/py_create_pkg/build/my_ros2_pkg/install.log'
[1.873s] Invoked command in '/home/tk/work/workcopy/ros2_trial/py_create_pkg/src/my_ros2_pkg' returned '0': PYTHONPATH=/home/tk/work/workcopy/ros2_trial/py_create_pkg/build/my_ros2_pkg/prefix_override:/home/tk/work/workcopy/ros2_trial/py_create_pkg/install/my_ros2_pkg/lib/python3.10/site-packages:${PYTHONPATH} /usr/bin/python3 setup.py egg_info --egg-base ../../build/my_ros2_pkg build --build-base /home/tk/work/workcopy/ros2_trial/py_create_pkg/build/my_ros2_pkg/build install --record /home/tk/work/workcopy/ros2_trial/py_create_pkg/build/my_ros2_pkg/install.log --single-version-externally-managed
