running egg_info
creating ../../build/my_ros2_pkg_w_node/my_ros2_pkg_w_node.egg-info
writing ../../build/my_ros2_pkg_w_node/my_ros2_pkg_w_node.egg-info/PKG-INFO
writing dependency_links to ../../build/my_ros2_pkg_w_node/my_ros2_pkg_w_node.egg-info/dependency_links.txt
writing entry points to ../../build/my_ros2_pkg_w_node/my_ros2_pkg_w_node.egg-info/entry_points.txt
writing requirements to ../../build/my_ros2_pkg_w_node/my_ros2_pkg_w_node.egg-info/requires.txt
writing top-level names to ../../build/my_ros2_pkg_w_node/my_ros2_pkg_w_node.egg-info/top_level.txt
writing manifest file '../../build/my_ros2_pkg_w_node/my_ros2_pkg_w_node.egg-info/SOURCES.txt'
reading manifest file '../../build/my_ros2_pkg_w_node/my_ros2_pkg_w_node.egg-info/SOURCES.txt'
writing manifest file '../../build/my_ros2_pkg_w_node/my_ros2_pkg_w_node.egg-info/SOURCES.txt'
running build
running build_py
creating /home/tk/work/workcopy/ros2_trial/launch/build/my_ros2_pkg_w_node/build
creating /home/tk/work/workcopy/ros2_trial/launch/build/my_ros2_pkg_w_node/build/lib
creating /home/tk/work/workcopy/ros2_trial/launch/build/my_ros2_pkg_w_node/build/lib/my_ros2_pkg_w_node
copying my_ros2_pkg_w_node/my_node_pub.py -> /home/tk/work/workcopy/ros2_trial/launch/build/my_ros2_pkg_w_node/build/lib/my_ros2_pkg_w_node
copying my_ros2_pkg_w_node/my_node_sub.py -> /home/tk/work/workcopy/ros2_trial/launch/build/my_ros2_pkg_w_node/build/lib/my_ros2_pkg_w_node
copying my_ros2_pkg_w_node/__init__.py -> /home/tk/work/workcopy/ros2_trial/launch/build/my_ros2_pkg_w_node/build/lib/my_ros2_pkg_w_node
running install
running install_lib
creating /home/tk/work/workcopy/ros2_trial/launch/install/my_ros2_pkg_w_node/lib/python3.10/site-packages/my_ros2_pkg_w_node
copying /home/tk/work/workcopy/ros2_trial/launch/build/my_ros2_pkg_w_node/build/lib/my_ros2_pkg_w_node/my_node_pub.py -> /home/tk/work/workcopy/ros2_trial/launch/install/my_ros2_pkg_w_node/lib/python3.10/site-packages/my_ros2_pkg_w_node
copying /home/tk/work/workcopy/ros2_trial/launch/build/my_ros2_pkg_w_node/build/lib/my_ros2_pkg_w_node/my_node_sub.py -> /home/tk/work/workcopy/ros2_trial/launch/install/my_ros2_pkg_w_node/lib/python3.10/site-packages/my_ros2_pkg_w_node
copying /home/tk/work/workcopy/ros2_trial/launch/build/my_ros2_pkg_w_node/build/lib/my_ros2_pkg_w_node/__init__.py -> /home/tk/work/workcopy/ros2_trial/launch/install/my_ros2_pkg_w_node/lib/python3.10/site-packages/my_ros2_pkg_w_node
byte-compiling /home/tk/work/workcopy/ros2_trial/launch/install/my_ros2_pkg_w_node/lib/python3.10/site-packages/my_ros2_pkg_w_node/my_node_pub.py to my_node_pub.cpython-310.pyc
byte-compiling /home/tk/work/workcopy/ros2_trial/launch/install/my_ros2_pkg_w_node/lib/python3.10/site-packages/my_ros2_pkg_w_node/my_node_sub.py to my_node_sub.cpython-310.pyc
byte-compiling /home/tk/work/workcopy/ros2_trial/launch/install/my_ros2_pkg_w_node/lib/python3.10/site-packages/my_ros2_pkg_w_node/__init__.py to __init__.cpython-310.pyc
running install_data
creating /home/tk/work/workcopy/ros2_trial/launch/install/my_ros2_pkg_w_node/share/ament_index
creating /home/tk/work/workcopy/ros2_trial/launch/install/my_ros2_pkg_w_node/share/ament_index/resource_index
creating /home/tk/work/workcopy/ros2_trial/launch/install/my_ros2_pkg_w_node/share/ament_index/resource_index/packages
copying resource/my_ros2_pkg_w_node -> /home/tk/work/workcopy/ros2_trial/launch/install/my_ros2_pkg_w_node/share/ament_index/resource_index/packages
copying launch/test.launch.py -> /home/tk/work/workcopy/ros2_trial/launch/install/my_ros2_pkg_w_node/share/my_ros2_pkg_w_node
running install_egg_info
Copying ../../build/my_ros2_pkg_w_node/my_ros2_pkg_w_node.egg-info to /home/tk/work/workcopy/ros2_trial/launch/install/my_ros2_pkg_w_node/lib/python3.10/site-packages/my_ros2_pkg_w_node-0.0.0-py3.10.egg-info
running install_scripts
Installing my_node_pub script to /home/tk/work/workcopy/ros2_trial/launch/install/my_ros2_pkg_w_node/lib/my_ros2_pkg_w_node
Installing my_node_sub script to /home/tk/work/workcopy/ros2_trial/launch/install/my_ros2_pkg_w_node/lib/my_ros2_pkg_w_node
writing list of installed files to '/home/tk/work/workcopy/ros2_trial/launch/build/my_ros2_pkg_w_node/install.log'
