[1.189s] Invoking command in '/home/tk/work/workcopy/ros2_trial/launch/src/my_ros2_pkg_w_node': PYTHONPATH=/home/tk/work/workcopy/ros2_trial/launch/build/my_ros2_pkg_w_node/prefix_override:/home/tk/work/workcopy/ros2_trial/launch/install/my_ros2_pkg_w_node/lib/python3.10/site-packages:${PYTHONPATH} /usr/bin/python3 setup.py egg_info --egg-base ../../build/my_ros2_pkg_w_node build --build-base /home/tk/work/workcopy/ros2_trial/launch/build/my_ros2_pkg_w_node/build install --record /home/tk/work/workcopy/ros2_trial/launch/build/my_ros2_pkg_w_node/install.log --single-version-externally-managed
[1.637s] running egg_info
[1.638s] creating ../../build/my_ros2_pkg_w_node/my_ros2_pkg_w_node.egg-info
[1.638s] writing ../../build/my_ros2_pkg_w_node/my_ros2_pkg_w_node.egg-info/PKG-INFO
[1.638s] writing dependency_links to ../../build/my_ros2_pkg_w_node/my_ros2_pkg_w_node.egg-info/dependency_links.txt
[1.639s] writing entry points to ../../build/my_ros2_pkg_w_node/my_ros2_pkg_w_node.egg-info/entry_points.txt
[1.639s] writing requirements to ../../build/my_ros2_pkg_w_node/my_ros2_pkg_w_node.egg-info/requires.txt
[1.639s] writing top-level names to ../../build/my_ros2_pkg_w_node/my_ros2_pkg_w_node.egg-info/top_level.txt
[1.640s] writing manifest file '../../build/my_ros2_pkg_w_node/my_ros2_pkg_w_node.egg-info/SOURCES.txt'
[1.642s] reading manifest file '../../build/my_ros2_pkg_w_node/my_ros2_pkg_w_node.egg-info/SOURCES.txt'
[1.643s] writing manifest file '../../build/my_ros2_pkg_w_node/my_ros2_pkg_w_node.egg-info/SOURCES.txt'
[1.644s] running build
[1.644s] running build_py
[1.644s] creating /home/tk/work/workcopy/ros2_trial/launch/build/my_ros2_pkg_w_node/build
[1.644s] creating /home/tk/work/workcopy/ros2_trial/launch/build/my_ros2_pkg_w_node/build/lib
[1.645s] creating /home/tk/work/workcopy/ros2_trial/launch/build/my_ros2_pkg_w_node/build/lib/my_ros2_pkg_w_node
[1.645s] copying my_ros2_pkg_w_node/my_node_pub.py -> /home/tk/work/workcopy/ros2_trial/launch/build/my_ros2_pkg_w_node/build/lib/my_ros2_pkg_w_node
[1.645s] copying my_ros2_pkg_w_node/my_node_sub.py -> /home/tk/work/workcopy/ros2_trial/launch/build/my_ros2_pkg_w_node/build/lib/my_ros2_pkg_w_node
[1.645s] copying my_ros2_pkg_w_node/__init__.py -> /home/tk/work/workcopy/ros2_trial/launch/build/my_ros2_pkg_w_node/build/lib/my_ros2_pkg_w_node
[1.645s] running install
[1.646s] running install_lib
[1.647s] creating /home/tk/work/workcopy/ros2_trial/launch/install/my_ros2_pkg_w_node/lib/python3.10/site-packages/my_ros2_pkg_w_node
[1.647s] copying /home/tk/work/workcopy/ros2_trial/launch/build/my_ros2_pkg_w_node/build/lib/my_ros2_pkg_w_node/my_node_pub.py -> /home/tk/work/workcopy/ros2_trial/launch/install/my_ros2_pkg_w_node/lib/python3.10/site-packages/my_ros2_pkg_w_node
[1.647s] copying /home/tk/work/workcopy/ros2_trial/launch/build/my_ros2_pkg_w_node/build/lib/my_ros2_pkg_w_node/my_node_sub.py -> /home/tk/work/workcopy/ros2_trial/launch/install/my_ros2_pkg_w_node/lib/python3.10/site-packages/my_ros2_pkg_w_node
[1.647s] copying /home/tk/work/workcopy/ros2_trial/launch/build/my_ros2_pkg_w_node/build/lib/my_ros2_pkg_w_node/__init__.py -> /home/tk/work/workcopy/ros2_trial/launch/install/my_ros2_pkg_w_node/lib/python3.10/site-packages/my_ros2_pkg_w_node
[1.648s] byte-compiling /home/tk/work/workcopy/ros2_trial/launch/install/my_ros2_pkg_w_node/lib/python3.10/site-packages/my_ros2_pkg_w_node/my_node_pub.py to my_node_pub.cpython-310.pyc
[1.649s] byte-compiling /home/tk/work/workcopy/ros2_trial/launch/install/my_ros2_pkg_w_node/lib/python3.10/site-packages/my_ros2_pkg_w_node/my_node_sub.py to my_node_sub.cpython-310.pyc
[1.650s] byte-compiling /home/tk/work/workcopy/ros2_trial/launch/install/my_ros2_pkg_w_node/lib/python3.10/site-packages/my_ros2_pkg_w_node/__init__.py to __init__.cpython-310.pyc
[1.650s] running install_data
[1.651s] creating /home/tk/work/workcopy/ros2_trial/launch/install/my_ros2_pkg_w_node/share/ament_index
[1.652s] creating /home/tk/work/workcopy/ros2_trial/launch/install/my_ros2_pkg_w_node/share/ament_index/resource_index
[1.652s] creating /home/tk/work/workcopy/ros2_trial/launch/install/my_ros2_pkg_w_node/share/ament_index/resource_index/packages
[1.652s] copying resource/my_ros2_pkg_w_node -> /home/tk/work/workcopy/ros2_trial/launch/install/my_ros2_pkg_w_node/share/ament_index/resource_index/packages
[1.652s] copying launch/test.launch.py -> /home/tk/work/workcopy/ros2_trial/launch/install/my_ros2_pkg_w_node/share/my_ros2_pkg_w_node
[1.652s] running install_egg_info
[1.655s] Copying ../../build/my_ros2_pkg_w_node/my_ros2_pkg_w_node.egg-info to /home/tk/work/workcopy/ros2_trial/launch/install/my_ros2_pkg_w_node/lib/python3.10/site-packages/my_ros2_pkg_w_node-0.0.0-py3.10.egg-info
[1.657s] running install_scripts
[1.687s] Installing my_node_pub script to /home/tk/work/workcopy/ros2_trial/launch/install/my_ros2_pkg_w_node/lib/my_ros2_pkg_w_node
[1.687s] Installing my_node_sub script to /home/tk/work/workcopy/ros2_trial/launch/install/my_ros2_pkg_w_node/lib/my_ros2_pkg_w_node
[1.688s] writing list of installed files to '/home/tk/work/workcopy/ros2_trial/launch/build/my_ros2_pkg_w_node/install.log'
[1.748s] Invoked command in '/home/tk/work/workcopy/ros2_trial/launch/src/my_ros2_pkg_w_node' returned '0': PYTHONPATH=/home/tk/work/workcopy/ros2_trial/launch/build/my_ros2_pkg_w_node/prefix_override:/home/tk/work/workcopy/ros2_trial/launch/install/my_ros2_pkg_w_node/lib/python3.10/site-packages:${PYTHONPATH} /usr/bin/python3 setup.py egg_info --egg-base ../../build/my_ros2_pkg_w_node build --build-base /home/tk/work/workcopy/ros2_trial/launch/build/my_ros2_pkg_w_node/build install --record /home/tk/work/workcopy/ros2_trial/launch/build/my_ros2_pkg_w_node/install.log --single-version-externally-managed
