[0.212s] DEBUG:colcon:Command line arguments: ['/usr/bin/colcon', 'build', '--packages-select', 'my_ros2_pkg_w_node']
[0.212s] DEBUG:colcon:Parsed command line arguments: Namespace(log_base=None, log_level=None, verb_name='build', build_base='build', install_base='install', merge_install=False, symlink_install=False, test_result_base=None, continue_on_error=False, executor='parallel', parallel_workers=20, event_handlers=None, ignore_user_meta=False, metas=['./colcon.meta'], base_paths=['.'], packages_ignore=None, packages_ignore_regex=None, paths=None, packages_up_to=None, packages_up_to_regex=None, packages_above=None, packages_above_and_dependencies=None, packages_above_depth=None, packages_select_by_dep=None, packages_skip_by_dep=None, packages_skip_up_to=None, packages_select_build_failed=False, packages_skip_build_finished=False, packages_select_test_failures=False, packages_skip_test_passed=False, packages_select=['my_ros2_pkg_w_node'], packages_skip=None, packages_select_regex=None, packages_skip_regex=None, packages_start=None, packages_end=None, allow_overriding=[], cmake_args=None, cmake_target=None, cmake_target_skip_unavailable=False, cmake_clean_cache=False, cmake_clean_first=False, cmake_force_configure=False, ament_cmake_args=None, catkin_cmake_args=None, catkin_skip_building_tests=False, mixin_files=None, mixin=None, verb_parser=<colcon_mixin.mixin.mixin_argument.MixinArgumentDecorator object at 0x7fa8da5f4a30>, verb_extension=<colcon_core.verb.build.BuildVerb object at 0x7fa8daf2ee90>, main=<bound method BuildVerb.main of <colcon_core.verb.build.BuildVerb object at 0x7fa8daf2ee90>>, mixin_verb=('build',))
[0.227s] Level 1:colcon.colcon_core.package_discovery:discover_packages(colcon_meta) check parameters
[0.227s] Level 1:colcon.colcon_core.package_discovery:discover_packages(recursive) check parameters
[0.227s] Level 1:colcon.colcon_core.package_discovery:discover_packages(ignore) check parameters
[0.227s] Level 1:colcon.colcon_core.package_discovery:discover_packages(path) check parameters
[0.227s] Level 1:colcon.colcon_core.package_discovery:discover_packages(colcon_meta) discover
[0.227s] Level 1:colcon.colcon_core.package_discovery:discover_packages(recursive) discover
[0.227s] INFO:colcon.colcon_core.package_discovery:Crawling recursively for packages in '/home/yasuyukitakahashi/work/ros2_trial/launch'
[0.227s] Level 1:colcon.colcon_core.package_identification:_identify(.) by extensions ['ignore', 'ignore_ament_install']
[0.227s] Level 1:colcon.colcon_core.package_identification:_identify(.) by extension 'ignore'
[0.227s] Level 1:colcon.colcon_core.package_identification:_identify(.) by extension 'ignore_ament_install'
[0.227s] Level 1:colcon.colcon_core.package_identification:_identify(.) by extensions ['colcon_pkg']
[0.227s] Level 1:colcon.colcon_core.package_identification:_identify(.) by extension 'colcon_pkg'
[0.227s] Level 1:colcon.colcon_core.package_identification:_identify(.) by extensions ['colcon_meta']
[0.227s] Level 1:colcon.colcon_core.package_identification:_identify(.) by extension 'colcon_meta'
[0.227s] Level 1:colcon.colcon_core.package_identification:_identify(.) by extensions ['ros']
[0.227s] Level 1:colcon.colcon_core.package_identification:_identify(.) by extension 'ros'
[0.234s] Level 1:colcon.colcon_core.package_identification:_identify(.) by extensions ['cmake', 'python']
[0.234s] Level 1:colcon.colcon_core.package_identification:_identify(.) by extension 'cmake'
[0.234s] Level 1:colcon.colcon_core.package_identification:_identify(.) by extension 'python'
[0.234s] Level 1:colcon.colcon_core.package_identification:_identify(.) by extensions ['python_setup_py']
[0.234s] Level 1:colcon.colcon_core.package_identification:_identify(.) by extension 'python_setup_py'
[0.234s] Level 1:colcon.colcon_core.package_identification:_identify(build) by extensions ['ignore', 'ignore_ament_install']
[0.234s] Level 1:colcon.colcon_core.package_identification:_identify(build) by extension 'ignore'
[0.234s] Level 1:colcon.colcon_core.package_identification:_identify(build) ignored
[0.234s] Level 1:colcon.colcon_core.package_identification:_identify(install) by extensions ['ignore', 'ignore_ament_install']
[0.234s] Level 1:colcon.colcon_core.package_identification:_identify(install) by extension 'ignore'
[0.234s] Level 1:colcon.colcon_core.package_identification:_identify(install) ignored
[0.234s] Level 1:colcon.colcon_core.package_identification:_identify(log) by extensions ['ignore', 'ignore_ament_install']
[0.234s] Level 1:colcon.colcon_core.package_identification:_identify(log) by extension 'ignore'
[0.234s] Level 1:colcon.colcon_core.package_identification:_identify(log) ignored
[0.234s] Level 1:colcon.colcon_core.package_identification:_identify(src) by extensions ['ignore', 'ignore_ament_install']
[0.234s] Level 1:colcon.colcon_core.package_identification:_identify(src) by extension 'ignore'
[0.234s] Level 1:colcon.colcon_core.package_identification:_identify(src) by extension 'ignore_ament_install'
[0.234s] Level 1:colcon.colcon_core.package_identification:_identify(src) by extensions ['colcon_pkg']
[0.234s] Level 1:colcon.colcon_core.package_identification:_identify(src) by extension 'colcon_pkg'
[0.234s] Level 1:colcon.colcon_core.package_identification:_identify(src) by extensions ['colcon_meta']
[0.234s] Level 1:colcon.colcon_core.package_identification:_identify(src) by extension 'colcon_meta'
[0.234s] Level 1:colcon.colcon_core.package_identification:_identify(src) by extensions ['ros']
[0.234s] Level 1:colcon.colcon_core.package_identification:_identify(src) by extension 'ros'
[0.234s] Level 1:colcon.colcon_core.package_identification:_identify(src) by extensions ['cmake', 'python']
[0.234s] Level 1:colcon.colcon_core.package_identification:_identify(src) by extension 'cmake'
[0.234s] Level 1:colcon.colcon_core.package_identification:_identify(src) by extension 'python'
[0.234s] Level 1:colcon.colcon_core.package_identification:_identify(src) by extensions ['python_setup_py']
[0.234s] Level 1:colcon.colcon_core.package_identification:_identify(src) by extension 'python_setup_py'
[0.234s] Level 1:colcon.colcon_core.package_identification:_identify(src/my_ros2_pkg_w_node) by extensions ['ignore', 'ignore_ament_install']
[0.234s] Level 1:colcon.colcon_core.package_identification:_identify(src/my_ros2_pkg_w_node) by extension 'ignore'
[0.234s] Level 1:colcon.colcon_core.package_identification:_identify(src/my_ros2_pkg_w_node) by extension 'ignore_ament_install'
[0.235s] Level 1:colcon.colcon_core.package_identification:_identify(src/my_ros2_pkg_w_node) by extensions ['colcon_pkg']
[0.235s] Level 1:colcon.colcon_core.package_identification:_identify(src/my_ros2_pkg_w_node) by extension 'colcon_pkg'
[0.235s] Level 1:colcon.colcon_core.package_identification:_identify(src/my_ros2_pkg_w_node) by extensions ['colcon_meta']
[0.235s] Level 1:colcon.colcon_core.package_identification:_identify(src/my_ros2_pkg_w_node) by extension 'colcon_meta'
[0.235s] Level 1:colcon.colcon_core.package_identification:_identify(src/my_ros2_pkg_w_node) by extensions ['ros']
[0.235s] Level 1:colcon.colcon_core.package_identification:_identify(src/my_ros2_pkg_w_node) by extension 'ros'
[0.236s] DEBUG:colcon.colcon_core.package_identification:Package 'src/my_ros2_pkg_w_node' with type 'ros.ament_python' and name 'my_ros2_pkg_w_node'
[0.236s] Level 1:colcon.colcon_core.package_discovery:discover_packages(recursive) using defaults
[0.236s] Level 1:colcon.colcon_core.package_discovery:discover_packages(ignore) discover
[0.236s] Level 1:colcon.colcon_core.package_discovery:discover_packages(ignore) using defaults
[0.236s] Level 1:colcon.colcon_core.package_discovery:discover_packages(path) discover
[0.236s] Level 1:colcon.colcon_core.package_discovery:discover_packages(path) using defaults
[0.250s] Level 1:colcon.colcon_core.package_discovery:discover_packages(prefix_path) check parameters
[0.250s] Level 1:colcon.colcon_core.package_discovery:discover_packages(prefix_path) discover
[0.251s] WARNING:colcon.colcon_ros.prefix_path.ament:The path '/home/yasuyukitakahashi/work/ros2_trial/launch/install/my_ros2_pkg_w_node' in the environment variable AMENT_PREFIX_PATH doesn't exist
[0.252s] DEBUG:colcon.colcon_installed_package_information.package_discovery:Found 0 installed packages in /home/yasuyukitakahashi/work/ros2_trial/launch/install
[0.253s] DEBUG:colcon.colcon_installed_package_information.package_discovery:Found 360 installed packages in /opt/ros/humble
[0.253s] Level 1:colcon.colcon_core.package_discovery:discover_packages(prefix_path) using defaults
[0.290s] Level 5:colcon.colcon_core.verb:set package 'my_ros2_pkg_w_node' build argument 'cmake_args' from command line to 'None'
[0.290s] Level 5:colcon.colcon_core.verb:set package 'my_ros2_pkg_w_node' build argument 'cmake_target' from command line to 'None'
[0.290s] Level 5:colcon.colcon_core.verb:set package 'my_ros2_pkg_w_node' build argument 'cmake_target_skip_unavailable' from command line to 'False'
[0.290s] Level 5:colcon.colcon_core.verb:set package 'my_ros2_pkg_w_node' build argument 'cmake_clean_cache' from command line to 'False'
[0.290s] Level 5:colcon.colcon_core.verb:set package 'my_ros2_pkg_w_node' build argument 'cmake_clean_first' from command line to 'False'
[0.290s] Level 5:colcon.colcon_core.verb:set package 'my_ros2_pkg_w_node' build argument 'cmake_force_configure' from command line to 'False'
[0.290s] Level 5:colcon.colcon_core.verb:set package 'my_ros2_pkg_w_node' build argument 'ament_cmake_args' from command line to 'None'
[0.290s] Level 5:colcon.colcon_core.verb:set package 'my_ros2_pkg_w_node' build argument 'catkin_cmake_args' from command line to 'None'
[0.290s] Level 5:colcon.colcon_core.verb:set package 'my_ros2_pkg_w_node' build argument 'catkin_skip_building_tests' from command line to 'False'
[0.290s] DEBUG:colcon.colcon_core.verb:Building package 'my_ros2_pkg_w_node' with the following arguments: {'ament_cmake_args': None, 'build_base': '/home/yasuyukitakahashi/work/ros2_trial/launch/build/my_ros2_pkg_w_node', 'catkin_cmake_args': None, 'catkin_skip_building_tests': False, 'cmake_args': None, 'cmake_clean_cache': False, 'cmake_clean_first': False, 'cmake_force_configure': False, 'cmake_target': None, 'cmake_target_skip_unavailable': False, 'install_base': '/home/yasuyukitakahashi/work/ros2_trial/launch/install/my_ros2_pkg_w_node', 'merge_install': False, 'path': '/home/yasuyukitakahashi/work/ros2_trial/launch/src/my_ros2_pkg_w_node', 'symlink_install': False, 'test_result_base': None}
[0.291s] INFO:colcon.colcon_core.executor:Executing jobs using 'parallel' executor
[0.292s] DEBUG:colcon.colcon_parallel_executor.executor.parallel:run_until_complete
[0.293s] INFO:colcon.colcon_ros.task.ament_python.build:Building ROS package in '/home/yasuyukitakahashi/work/ros2_trial/launch/src/my_ros2_pkg_w_node' with build type 'ament_python'
[0.293s] Level 1:colcon.colcon_core.shell:create_environment_hook('my_ros2_pkg_w_node', 'ament_prefix_path')
[0.295s] INFO:colcon.colcon_core.plugin_system:Skipping extension 'colcon_core.shell.bat': Not used on non-Windows systems
[0.295s] INFO:colcon.colcon_core.shell:Creating environment hook '/home/yasuyukitakahashi/work/ros2_trial/launch/install/my_ros2_pkg_w_node/share/my_ros2_pkg_w_node/hook/ament_prefix_path.ps1'
[0.296s] INFO:colcon.colcon_core.shell:Creating environment descriptor '/home/yasuyukitakahashi/work/ros2_trial/launch/install/my_ros2_pkg_w_node/share/my_ros2_pkg_w_node/hook/ament_prefix_path.dsv'
[0.297s] INFO:colcon.colcon_core.shell:Creating environment hook '/home/yasuyukitakahashi/work/ros2_trial/launch/install/my_ros2_pkg_w_node/share/my_ros2_pkg_w_node/hook/ament_prefix_path.sh'
[0.298s] INFO:colcon.colcon_core.shell:Skip shell extension 'powershell' for command environment: Not usable outside of PowerShell
[0.298s] DEBUG:colcon.colcon_core.shell:Skip shell extension 'dsv' for command environment
[0.471s] WARNING:colcon.colcon_ros.task.ament_python.build:Package 'my_ros2_pkg_w_node' doesn't explicitly install the 'package.xml' file (colcon-ros currently does it implicitly but that fallback will be removed in the future)
[0.472s] INFO:colcon.colcon_core.task.python.build:Building Python package in '/home/yasuyukitakahashi/work/ros2_trial/launch/src/my_ros2_pkg_w_node'
[0.473s] INFO:colcon.colcon_core.shell:Skip shell extension 'powershell' for command environment: Not usable outside of PowerShell
[0.473s] DEBUG:colcon.colcon_core.shell:Skip shell extension 'dsv' for command environment
[0.715s] DEBUG:colcon.colcon_core.event_handler.log_command:Invoking command in '/home/yasuyukitakahashi/work/ros2_trial/launch/src/my_ros2_pkg_w_node': PYTHONPATH=/home/yasuyukitakahashi/work/ros2_trial/launch/build/my_ros2_pkg_w_node/prefix_override:/home/yasuyukitakahashi/work/ros2_trial/launch/install/my_ros2_pkg_w_node/lib/python3.10/site-packages:${PYTHONPATH} /usr/bin/python3 setup.py egg_info --egg-base ../../build/my_ros2_pkg_w_node build --build-base /home/yasuyukitakahashi/work/ros2_trial/launch/build/my_ros2_pkg_w_node/build install --record /home/yasuyukitakahashi/work/ros2_trial/launch/build/my_ros2_pkg_w_node/install.log --single-version-externally-managed
[0.903s] DEBUG:colcon.colcon_core.event_handler.log_command:Invoked command in '/home/yasuyukitakahashi/work/ros2_trial/launch/src/my_ros2_pkg_w_node' returned '0': PYTHONPATH=/home/yasuyukitakahashi/work/ros2_trial/launch/build/my_ros2_pkg_w_node/prefix_override:/home/yasuyukitakahashi/work/ros2_trial/launch/install/my_ros2_pkg_w_node/lib/python3.10/site-packages:${PYTHONPATH} /usr/bin/python3 setup.py egg_info --egg-base ../../build/my_ros2_pkg_w_node build --build-base /home/yasuyukitakahashi/work/ros2_trial/launch/build/my_ros2_pkg_w_node/build install --record /home/yasuyukitakahashi/work/ros2_trial/launch/build/my_ros2_pkg_w_node/install.log --single-version-externally-managed
[0.905s] Level 1:colcon.colcon_core.environment:checking '/home/yasuyukitakahashi/work/ros2_trial/launch/install/my_ros2_pkg_w_node' for CMake module files
[0.905s] Level 1:colcon.colcon_core.environment:checking '/home/yasuyukitakahashi/work/ros2_trial/launch/install/my_ros2_pkg_w_node' for CMake config files
[0.905s] Level 1:colcon.colcon_core.environment:checking '/home/yasuyukitakahashi/work/ros2_trial/launch/install/my_ros2_pkg_w_node/lib'
[0.906s] Level 1:colcon.colcon_core.environment:checking '/home/yasuyukitakahashi/work/ros2_trial/launch/install/my_ros2_pkg_w_node/bin'
[0.906s] Level 1:colcon.colcon_core.environment:checking '/home/yasuyukitakahashi/work/ros2_trial/launch/install/my_ros2_pkg_w_node/lib/pkgconfig/my_ros2_pkg_w_node.pc'
[0.906s] Level 1:colcon.colcon_core.environment:checking '/home/yasuyukitakahashi/work/ros2_trial/launch/install/my_ros2_pkg_w_node/lib/python3.10/site-packages'
[0.906s] Level 1:colcon.colcon_core.shell:create_environment_hook('my_ros2_pkg_w_node', 'pythonpath')
[0.906s] INFO:colcon.colcon_core.shell:Creating environment hook '/home/yasuyukitakahashi/work/ros2_trial/launch/install/my_ros2_pkg_w_node/share/my_ros2_pkg_w_node/hook/pythonpath.ps1'
[0.907s] INFO:colcon.colcon_core.shell:Creating environment descriptor '/home/yasuyukitakahashi/work/ros2_trial/launch/install/my_ros2_pkg_w_node/share/my_ros2_pkg_w_node/hook/pythonpath.dsv'
[0.907s] INFO:colcon.colcon_core.shell:Creating environment hook '/home/yasuyukitakahashi/work/ros2_trial/launch/install/my_ros2_pkg_w_node/share/my_ros2_pkg_w_node/hook/pythonpath.sh'
[0.907s] Level 1:colcon.colcon_core.environment:checking '/home/yasuyukitakahashi/work/ros2_trial/launch/install/my_ros2_pkg_w_node/bin'
[0.907s] Level 1:colcon.colcon_core.environment:create_environment_scripts_only(my_ros2_pkg_w_node)
[0.908s] INFO:colcon.colcon_core.shell:Creating package script '/home/yasuyukitakahashi/work/ros2_trial/launch/install/my_ros2_pkg_w_node/share/my_ros2_pkg_w_node/package.ps1'
[0.908s] INFO:colcon.colcon_core.shell:Creating package descriptor '/home/yasuyukitakahashi/work/ros2_trial/launch/install/my_ros2_pkg_w_node/share/my_ros2_pkg_w_node/package.dsv'
[0.909s] INFO:colcon.colcon_core.shell:Creating package script '/home/yasuyukitakahashi/work/ros2_trial/launch/install/my_ros2_pkg_w_node/share/my_ros2_pkg_w_node/package.sh'
[0.909s] INFO:colcon.colcon_core.shell:Creating package script '/home/yasuyukitakahashi/work/ros2_trial/launch/install/my_ros2_pkg_w_node/share/my_ros2_pkg_w_node/package.bash'
[0.910s] INFO:colcon.colcon_core.shell:Creating package script '/home/yasuyukitakahashi/work/ros2_trial/launch/install/my_ros2_pkg_w_node/share/my_ros2_pkg_w_node/package.zsh'
[0.910s] Level 1:colcon.colcon_core.environment:create_file_with_runtime_dependencies(/home/yasuyukitakahashi/work/ros2_trial/launch/install/my_ros2_pkg_w_node/share/colcon-core/packages/my_ros2_pkg_w_node)
[0.910s] DEBUG:colcon.colcon_parallel_executor.executor.parallel:closing loop
[0.910s] DEBUG:colcon.colcon_parallel_executor.executor.parallel:loop closed
[0.910s] DEBUG:colcon.colcon_parallel_executor.executor.parallel:run_until_complete finished with '0'
[0.910s] DEBUG:colcon.colcon_core.event_reactor:joining thread
[0.914s] INFO:colcon.colcon_core.plugin_system:Skipping extension 'colcon_notification.desktop_notification.terminal_notifier': Not used on non-Darwin systems
[0.914s] INFO:colcon.colcon_core.plugin_system:Skipping extension 'colcon_notification.desktop_notification.win32': Not used on non-Windows systems
[0.914s] INFO:colcon.colcon_notification.desktop_notification:Sending desktop notification using 'notify2'
[0.928s] DEBUG:colcon.colcon_core.event_reactor:joined thread
[0.929s] INFO:colcon.colcon_core.shell:Creating prefix script '/home/yasuyukitakahashi/work/ros2_trial/launch/install/local_setup.ps1'
[0.930s] INFO:colcon.colcon_core.shell:Creating prefix util module '/home/yasuyukitakahashi/work/ros2_trial/launch/install/_local_setup_util_ps1.py'
[0.931s] INFO:colcon.colcon_core.shell:Creating prefix chain script '/home/yasuyukitakahashi/work/ros2_trial/launch/install/setup.ps1'
[0.931s] INFO:colcon.colcon_core.shell:Creating prefix script '/home/yasuyukitakahashi/work/ros2_trial/launch/install/local_setup.sh'
[0.932s] INFO:colcon.colcon_core.shell:Creating prefix util module '/home/yasuyukitakahashi/work/ros2_trial/launch/install/_local_setup_util_sh.py'
[0.932s] INFO:colcon.colcon_core.shell:Creating prefix chain script '/home/yasuyukitakahashi/work/ros2_trial/launch/install/setup.sh'
[0.933s] INFO:colcon.colcon_core.shell:Creating prefix script '/home/yasuyukitakahashi/work/ros2_trial/launch/install/local_setup.bash'
[0.933s] INFO:colcon.colcon_core.shell:Creating prefix chain script '/home/yasuyukitakahashi/work/ros2_trial/launch/install/setup.bash'
[0.934s] INFO:colcon.colcon_core.shell:Creating prefix script '/home/yasuyukitakahashi/work/ros2_trial/launch/install/local_setup.zsh'
[0.934s] INFO:colcon.colcon_core.shell:Creating prefix chain script '/home/yasuyukitakahashi/work/ros2_trial/launch/install/setup.zsh'
